WARNING - 2024-02-12 05:13:53 --> [DEPRECATED] Creation of dynamic property App\Controllers\Penjualan::$ModelPenjualan is deprecated in APPPATH\Controllers\Penjualan.php on line 12.
 1 SYSTEMPATH\CodeIgniter.php(913): App\Controllers\Penjualan->__construct()
 2 SYSTEMPATH\CodeIgniter.php(493): CodeIgniter\CodeIgniter->createController()
 3 SYSTEMPATH\CodeIgniter.php(361): CodeIgniter\CodeIgniter->handleRequest(null, Object(Config\Cache), false)
 4 FCPATH\index.php(79): CodeIgniter\CodeIgniter->run()
INFO - 2024-02-12 05:13:53 --> Session: Class initialized using 'CodeIgniter\Session\Handlers\FileHandler' driver.
WARNING - 2024-02-12 05:14:13 --> [DEPRECATED] Creation of dynamic property App\Controllers\Penjualan::$ModelPenjualan is deprecated in APPPATH\Controllers\Penjualan.php on line 12.
 1 SYSTEMPATH\CodeIgniter.php(913): App\Controllers\Penjualan->__construct()
 2 SYSTEMPATH\CodeIgniter.php(493): CodeIgniter\CodeIgniter->createController()
 3 SYSTEMPATH\CodeIgniter.php(361): CodeIgniter\CodeIgniter->handleRequest(null, Object(Config\Cache), false)
 4 FCPATH\index.php(79): CodeIgniter\CodeIgniter->run()
INFO - 2024-02-12 05:14:13 --> Session: Class initialized using 'CodeIgniter\Session\Handlers\FileHandler' driver.
WARNING - 2024-02-12 05:17:39 --> [DEPRECATED] Creation of dynamic property App\Controllers\Penjualan::$ModelPenjualan is deprecated in APPPATH\Controllers\Penjualan.php on line 12.
 1 SYSTEMPATH\CodeIgniter.php(913): App\Controllers\Penjualan->__construct()
 2 SYSTEMPATH\CodeIgniter.php(493): CodeIgniter\CodeIgniter->createController()
 3 SYSTEMPATH\CodeIgniter.php(361): CodeIgniter\CodeIgniter->handleRequest(null, Object(Config\Cache), false)
 4 FCPATH\index.php(79): CodeIgniter\CodeIgniter->run()
INFO - 2024-02-12 05:17:39 --> Session: Class initialized using 'CodeIgniter\Session\Handlers\FileHandler' driver.
WARNING - 2024-02-12 05:18:01 --> [DEPRECATED] Creation of dynamic property App\Controllers\Penjualan::$ModelPenjualan is deprecated in APPPATH\Controllers\Penjualan.php on line 12.
 1 SYSTEMPATH\CodeIgniter.php(913): App\Controllers\Penjualan->__construct()
 2 SYSTEMPATH\CodeIgniter.php(493): CodeIgniter\CodeIgniter->createController()
 3 SYSTEMPATH\CodeIgniter.php(361): CodeIgniter\CodeIgniter->handleRequest(null, Object(Config\Cache), false)
 4 FCPATH\index.php(79): CodeIgniter\CodeIgniter->run()
WARNING - 2024-02-12 05:18:07 --> [DEPRECATED] Creation of dynamic property App\Controllers\Penjualan::$ModelPenjualan is deprecated in APPPATH\Controllers\Penjualan.php on line 12.
 1 SYSTEMPATH\CodeIgniter.php(913): App\Controllers\Penjualan->__construct()
 2 SYSTEMPATH\CodeIgniter.php(493): CodeIgniter\CodeIgniter->createController()
 3 SYSTEMPATH\CodeIgniter.php(361): CodeIgniter\CodeIgniter->handleRequest(null, Object(Config\Cache), false)
 4 FCPATH\index.php(79): CodeIgniter\CodeIgniter->run()
WARNING - 2024-02-12 05:18:19 --> [DEPRECATED] Creation of dynamic property App\Controllers\Penjualan::$ModelPenjualan is deprecated in APPPATH\Controllers\Penjualan.php on line 12.
 1 SYSTEMPATH\CodeIgniter.php(913): App\Controllers\Penjualan->__construct()
 2 SYSTEMPATH\CodeIgniter.php(493): CodeIgniter\CodeIgniter->createController()
 3 SYSTEMPATH\CodeIgniter.php(361): CodeIgniter\CodeIgniter->handleRequest(null, Object(Config\Cache), false)
 4 FCPATH\index.php(79): CodeIgniter\CodeIgniter->run()
WARNING - 2024-02-12 05:23:38 --> [DEPRECATED] Creation of dynamic property App\Controllers\Penjualan::$ModelPenjualan is deprecated in APPPATH\Controllers\Penjualan.php on line 12.
 1 SYSTEMPATH\CodeIgniter.php(913): App\Controllers\Penjualan->__construct()
 2 SYSTEMPATH\CodeIgniter.php(493): CodeIgniter\CodeIgniter->createController()
 3 SYSTEMPATH\CodeIgniter.php(361): CodeIgniter\CodeIgniter->handleRequest(null, Object(Config\Cache), false)
 4 FCPATH\index.php(79): CodeIgniter\CodeIgniter->run()
WARNING - 2024-02-12 05:23:45 --> [DEPRECATED] Creation of dynamic property App\Controllers\Penjualan::$ModelPenjualan is deprecated in APPPATH\Controllers\Penjualan.php on line 12.
 1 SYSTEMPATH\CodeIgniter.php(913): App\Controllers\Penjualan->__construct()
 2 SYSTEMPATH\CodeIgniter.php(493): CodeIgniter\CodeIgniter->createController()
 3 SYSTEMPATH\CodeIgniter.php(361): CodeIgniter\CodeIgniter->handleRequest(null, Object(Config\Cache), false)
 4 FCPATH\index.php(79): CodeIgniter\CodeIgniter->run()
WARNING - 2024-02-12 05:24:02 --> [DEPRECATED] Creation of dynamic property App\Controllers\Home::$ModelUser is deprecated in APPPATH\Controllers\Home.php on line 10.
 1 SYSTEMPATH\CodeIgniter.php(913): App\Controllers\Home->__construct()
 2 SYSTEMPATH\CodeIgniter.php(493): CodeIgniter\CodeIgniter->createController()
 3 SYSTEMPATH\CodeIgniter.php(361): CodeIgniter\CodeIgniter->handleRequest(null, Object(Config\Cache), false)
 4 FCPATH\index.php(79): CodeIgniter\CodeIgniter->run()
INFO - 2024-02-12 05:24:02 --> Session: Class initialized using 'CodeIgniter\Session\Handlers\FileHandler' driver.
WARNING - 2024-02-12 05:24:13 --> [DEPRECATED] Creation of dynamic property App\Controllers\Home::$ModelUser is deprecated in APPPATH\Controllers\Home.php on line 10.
 1 SYSTEMPATH\CodeIgniter.php(913): App\Controllers\Home->__construct()
 2 SYSTEMPATH\CodeIgniter.php(493): CodeIgniter\CodeIgniter->createController()
 3 SYSTEMPATH\CodeIgniter.php(361): CodeIgniter\CodeIgniter->handleRequest(null, Object(Config\Cache), false)
 4 FCPATH\index.php(79): CodeIgniter\CodeIgniter->run()
INFO - 2024-02-12 05:24:13 --> Session: Class initialized using 'CodeIgniter\Session\Handlers\FileHandler' driver.
INFO - 2024-02-12 05:24:13 --> Session: Class initialized using 'CodeIgniter\Session\Handlers\FileHandler' driver.
INFO - 2024-02-12 05:26:37 --> Session: Class initialized using 'CodeIgniter\Session\Handlers\FileHandler' driver.
INFO - 2024-02-12 05:27:03 --> Session: Class initialized using 'CodeIgniter\Session\Handlers\FileHandler' driver.
INFO - 2024-02-12 05:27:22 --> Session: Class initialized using 'CodeIgniter\Session\Handlers\FileHandler' driver.
INFO - 2024-02-12 05:29:47 --> Session: Class initialized using 'CodeIgniter\Session\Handlers\FileHandler' driver.
INFO - 2024-02-12 05:30:20 --> Session: Class initialized using 'CodeIgniter\Session\Handlers\FileHandler' driver.
INFO - 2024-02-12 05:35:25 --> Session: Class initialized using 'CodeIgniter\Session\Handlers\FileHandler' driver.
INFO - 2024-02-12 05:35:53 --> Session: Class initialized using 'CodeIgniter\Session\Handlers\FileHandler' driver.
INFO - 2024-02-12 05:36:24 --> Session: Class initialized using 'CodeIgniter\Session\Handlers\FileHandler' driver.
INFO - 2024-02-12 05:36:44 --> Session: Class initialized using 'CodeIgniter\Session\Handlers\FileHandler' driver.
INFO - 2024-02-12 05:37:15 --> Session: Class initialized using 'CodeIgniter\Session\Handlers\FileHandler' driver.
INFO - 2024-02-12 05:37:42 --> Session: Class initialized using 'CodeIgniter\Session\Handlers\FileHandler' driver.
WARNING - 2024-02-12 05:37:46 --> [DEPRECATED] Creation of dynamic property App\Controllers\Produk::$ModelProduk is deprecated in APPPATH\Controllers\Produk.php on line 14.
 1 SYSTEMPATH\CodeIgniter.php(913): App\Controllers\Produk->__construct()
 2 SYSTEMPATH\CodeIgniter.php(493): CodeIgniter\CodeIgniter->createController()
 3 SYSTEMPATH\CodeIgniter.php(361): CodeIgniter\CodeIgniter->handleRequest(null, Object(Config\Cache), false)
 4 FCPATH\index.php(79): CodeIgniter\CodeIgniter->run()
WARNING - 2024-02-12 05:37:46 --> [DEPRECATED] Creation of dynamic property App\Controllers\Produk::$ModelKategori is deprecated in APPPATH\Controllers\Produk.php on line 15.
 1 SYSTEMPATH\CodeIgniter.php(913): App\Controllers\Produk->__construct()
 2 SYSTEMPATH\CodeIgniter.php(493): CodeIgniter\CodeIgniter->createController()
 3 SYSTEMPATH\CodeIgniter.php(361): CodeIgniter\CodeIgniter->handleRequest(null, Object(Config\Cache), false)
 4 FCPATH\index.php(79): CodeIgniter\CodeIgniter->run()
WARNING - 2024-02-12 05:37:46 --> [DEPRECATED] Creation of dynamic property App\Controllers\Produk::$ModelSatuan is deprecated in APPPATH\Controllers\Produk.php on line 16.
 1 SYSTEMPATH\CodeIgniter.php(913): App\Controllers\Produk->__construct()
 2 SYSTEMPATH\CodeIgniter.php(493): CodeIgniter\CodeIgniter->createController()
 3 SYSTEMPATH\CodeIgniter.php(361): CodeIgniter\CodeIgniter->handleRequest(null, Object(Config\Cache), false)
 4 FCPATH\index.php(79): CodeIgniter\CodeIgniter->run()
INFO - 2024-02-12 05:37:46 --> Session: Class initialized using 'CodeIgniter\Session\Handlers\FileHandler' driver.
WARNING - 2024-02-12 05:38:22 --> [DEPRECATED] Creation of dynamic property App\Controllers\Produk::$ModelProduk is deprecated in APPPATH\Controllers\Produk.php on line 14.
 1 SYSTEMPATH\CodeIgniter.php(913): App\Controllers\Produk->__construct()
 2 SYSTEMPATH\CodeIgniter.php(493): CodeIgniter\CodeIgniter->createController()
 3 SYSTEMPATH\CodeIgniter.php(361): CodeIgniter\CodeIgniter->handleRequest(null, Object(Config\Cache), false)
 4 FCPATH\index.php(79): CodeIgniter\CodeIgniter->run()
WARNING - 2024-02-12 05:38:22 --> [DEPRECATED] Creation of dynamic property App\Controllers\Produk::$ModelKategori is deprecated in APPPATH\Controllers\Produk.php on line 15.
 1 SYSTEMPATH\CodeIgniter.php(913): App\Controllers\Produk->__construct()
 2 SYSTEMPATH\CodeIgniter.php(493): CodeIgniter\CodeIgniter->createController()
 3 SYSTEMPATH\CodeIgniter.php(361): CodeIgniter\CodeIgniter->handleRequest(null, Object(Config\Cache), false)
 4 FCPATH\index.php(79): CodeIgniter\CodeIgniter->run()
WARNING - 2024-02-12 05:38:22 --> [DEPRECATED] Creation of dynamic property App\Controllers\Produk::$ModelSatuan is deprecated in APPPATH\Controllers\Produk.php on line 16.
 1 SYSTEMPATH\CodeIgniter.php(913): App\Controllers\Produk->__construct()
 2 SYSTEMPATH\CodeIgniter.php(493): CodeIgniter\CodeIgniter->createController()
 3 SYSTEMPATH\CodeIgniter.php(361): CodeIgniter\CodeIgniter->handleRequest(null, Object(Config\Cache), false)
 4 FCPATH\index.php(79): CodeIgniter\CodeIgniter->run()
INFO - 2024-02-12 05:38:22 --> Session: Class initialized using 'CodeIgniter\Session\Handlers\FileHandler' driver.
WARNING - 2024-02-12 05:38:23 --> [DEPRECATED] Creation of dynamic property App\Controllers\Produk::$ModelProduk is deprecated in APPPATH\Controllers\Produk.php on line 14.
 1 SYSTEMPATH\CodeIgniter.php(913): App\Controllers\Produk->__construct()
 2 SYSTEMPATH\CodeIgniter.php(493): CodeIgniter\CodeIgniter->createController()
 3 SYSTEMPATH\CodeIgniter.php(361): CodeIgniter\CodeIgniter->handleRequest(null, Object(Config\Cache), false)
 4 FCPATH\index.php(79): CodeIgniter\CodeIgniter->run()
WARNING - 2024-02-12 05:38:23 --> [DEPRECATED] Creation of dynamic property App\Controllers\Produk::$ModelKategori is deprecated in APPPATH\Controllers\Produk.php on line 15.
 1 SYSTEMPATH\CodeIgniter.php(913): App\Controllers\Produk->__construct()
 2 SYSTEMPATH\CodeIgniter.php(493): CodeIgniter\CodeIgniter->createController()
 3 SYSTEMPATH\CodeIgniter.php(361): CodeIgniter\CodeIgniter->handleRequest(null, Object(Config\Cache), false)
 4 FCPATH\index.php(79): CodeIgniter\CodeIgniter->run()
WARNING - 2024-02-12 05:38:23 --> [DEPRECATED] Creation of dynamic property App\Controllers\Produk::$ModelSatuan is deprecated in APPPATH\Controllers\Produk.php on line 16.
 1 SYSTEMPATH\CodeIgniter.php(913): App\Controllers\Produk->__construct()
 2 SYSTEMPATH\CodeIgniter.php(493): CodeIgniter\CodeIgniter->createController()
 3 SYSTEMPATH\CodeIgniter.php(361): CodeIgniter\CodeIgniter->handleRequest(null, Object(Config\Cache), false)
 4 FCPATH\index.php(79): CodeIgniter\CodeIgniter->run()
INFO - 2024-02-12 05:38:23 --> Session: Class initialized using 'CodeIgniter\Session\Handlers\FileHandler' driver.
WARNING - 2024-02-12 05:43:30 --> [DEPRECATED] Creation of dynamic property App\Controllers\Produk::$ModelProduk is deprecated in APPPATH\Controllers\Produk.php on line 14.
 1 SYSTEMPATH\CodeIgniter.php(913): App\Controllers\Produk->__construct()
 2 SYSTEMPATH\CodeIgniter.php(493): CodeIgniter\CodeIgniter->createController()
 3 SYSTEMPATH\CodeIgniter.php(361): CodeIgniter\CodeIgniter->handleRequest(null, Object(Config\Cache), false)
 4 FCPATH\index.php(79): CodeIgniter\CodeIgniter->run()
WARNING - 2024-02-12 05:43:30 --> [DEPRECATED] Creation of dynamic property App\Controllers\Produk::$ModelKategori is deprecated in APPPATH\Controllers\Produk.php on line 15.
 1 SYSTEMPATH\CodeIgniter.php(913): App\Controllers\Produk->__construct()
 2 SYSTEMPATH\CodeIgniter.php(493): CodeIgniter\CodeIgniter->createController()
 3 SYSTEMPATH\CodeIgniter.php(361): CodeIgniter\CodeIgniter->handleRequest(null, Object(Config\Cache), false)
 4 FCPATH\index.php(79): CodeIgniter\CodeIgniter->run()
WARNING - 2024-02-12 05:43:30 --> [DEPRECATED] Creation of dynamic property App\Controllers\Produk::$ModelSatuan is deprecated in APPPATH\Controllers\Produk.php on line 16.
 1 SYSTEMPATH\CodeIgniter.php(913): App\Controllers\Produk->__construct()
 2 SYSTEMPATH\CodeIgniter.php(493): CodeIgniter\CodeIgniter->createController()
 3 SYSTEMPATH\CodeIgniter.php(361): CodeIgniter\CodeIgniter->handleRequest(null, Object(Config\Cache), false)
 4 FCPATH\index.php(79): CodeIgniter\CodeIgniter->run()
INFO - 2024-02-12 05:43:30 --> Session: Class initialized using 'CodeIgniter\Session\Handlers\FileHandler' driver.
WARNING - 2024-02-12 05:44:14 --> [DEPRECATED] Creation of dynamic property App\Controllers\Produk::$ModelProduk is deprecated in APPPATH\Controllers\Produk.php on line 14.
 1 SYSTEMPATH\CodeIgniter.php(913): App\Controllers\Produk->__construct()
 2 SYSTEMPATH\CodeIgniter.php(493): CodeIgniter\CodeIgniter->createController()
 3 SYSTEMPATH\CodeIgniter.php(361): CodeIgniter\CodeIgniter->handleRequest(null, Object(Config\Cache), false)
 4 FCPATH\index.php(79): CodeIgniter\CodeIgniter->run()
WARNING - 2024-02-12 05:44:14 --> [DEPRECATED] Creation of dynamic property App\Controllers\Produk::$ModelKategori is deprecated in APPPATH\Controllers\Produk.php on line 15.
 1 SYSTEMPATH\CodeIgniter.php(913): App\Controllers\Produk->__construct()
 2 SYSTEMPATH\CodeIgniter.php(493): CodeIgniter\CodeIgniter->createController()
 3 SYSTEMPATH\CodeIgniter.php(361): CodeIgniter\CodeIgniter->handleRequest(null, Object(Config\Cache), false)
 4 FCPATH\index.php(79): CodeIgniter\CodeIgniter->run()
WARNING - 2024-02-12 05:44:14 --> [DEPRECATED] Creation of dynamic property App\Controllers\Produk::$ModelSatuan is deprecated in APPPATH\Controllers\Produk.php on line 16.
 1 SYSTEMPATH\CodeIgniter.php(913): App\Controllers\Produk->__construct()
 2 SYSTEMPATH\CodeIgniter.php(493): CodeIgniter\CodeIgniter->createController()
 3 SYSTEMPATH\CodeIgniter.php(361): CodeIgniter\CodeIgniter->handleRequest(null, Object(Config\Cache), false)
 4 FCPATH\index.php(79): CodeIgniter\CodeIgniter->run()
INFO - 2024-02-12 05:44:14 --> Session: Class initialized using 'CodeIgniter\Session\Handlers\FileHandler' driver.
WARNING - 2024-02-12 05:51:26 --> [DEPRECATED] Creation of dynamic property App\Controllers\Produk::$ModelProduk is deprecated in APPPATH\Controllers\Produk.php on line 14.
 1 SYSTEMPATH\CodeIgniter.php(913): App\Controllers\Produk->__construct()
 2 SYSTEMPATH\CodeIgniter.php(493): CodeIgniter\CodeIgniter->createController()
 3 SYSTEMPATH\CodeIgniter.php(361): CodeIgniter\CodeIgniter->handleRequest(null, Object(Config\Cache), false)
 4 FCPATH\index.php(79): CodeIgniter\CodeIgniter->run()
WARNING - 2024-02-12 05:51:26 --> [DEPRECATED] Creation of dynamic property App\Controllers\Produk::$ModelKategori is deprecated in APPPATH\Controllers\Produk.php on line 15.
 1 SYSTEMPATH\CodeIgniter.php(913): App\Controllers\Produk->__construct()
 2 SYSTEMPATH\CodeIgniter.php(493): CodeIgniter\CodeIgniter->createController()
 3 SYSTEMPATH\CodeIgniter.php(361): CodeIgniter\CodeIgniter->handleRequest(null, Object(Config\Cache), false)
 4 FCPATH\index.php(79): CodeIgniter\CodeIgniter->run()
WARNING - 2024-02-12 05:51:26 --> [DEPRECATED] Creation of dynamic property App\Controllers\Produk::$ModelSatuan is deprecated in APPPATH\Controllers\Produk.php on line 16.
 1 SYSTEMPATH\CodeIgniter.php(913): App\Controllers\Produk->__construct()
 2 SYSTEMPATH\CodeIgniter.php(493): CodeIgniter\CodeIgniter->createController()
 3 SYSTEMPATH\CodeIgniter.php(361): CodeIgniter\CodeIgniter->handleRequest(null, Object(Config\Cache), false)
 4 FCPATH\index.php(79): CodeIgniter\CodeIgniter->run()
INFO - 2024-02-12 05:51:26 --> Session: Class initialized using 'CodeIgniter\Session\Handlers\FileHandler' driver.
WARNING - 2024-02-12 05:54:59 --> [DEPRECATED] Creation of dynamic property App\Controllers\Produk::$ModelProduk is deprecated in APPPATH\Controllers\Produk.php on line 14.
 1 SYSTEMPATH\CodeIgniter.php(913): App\Controllers\Produk->__construct()
 2 SYSTEMPATH\CodeIgniter.php(493): CodeIgniter\CodeIgniter->createController()
 3 SYSTEMPATH\CodeIgniter.php(361): CodeIgniter\CodeIgniter->handleRequest(null, Object(Config\Cache), false)
 4 FCPATH\index.php(79): CodeIgniter\CodeIgniter->run()
WARNING - 2024-02-12 05:54:59 --> [DEPRECATED] Creation of dynamic property App\Controllers\Produk::$ModelKategori is deprecated in APPPATH\Controllers\Produk.php on line 15.
 1 SYSTEMPATH\CodeIgniter.php(913): App\Controllers\Produk->__construct()
 2 SYSTEMPATH\CodeIgniter.php(493): CodeIgniter\CodeIgniter->createController()
 3 SYSTEMPATH\CodeIgniter.php(361): CodeIgniter\CodeIgniter->handleRequest(null, Object(Config\Cache), false)
 4 FCPATH\index.php(79): CodeIgniter\CodeIgniter->run()
WARNING - 2024-02-12 05:54:59 --> [DEPRECATED] Creation of dynamic property App\Controllers\Produk::$ModelSatuan is deprecated in APPPATH\Controllers\Produk.php on line 16.
 1 SYSTEMPATH\CodeIgniter.php(913): App\Controllers\Produk->__construct()
 2 SYSTEMPATH\CodeIgniter.php(493): CodeIgniter\CodeIgniter->createController()
 3 SYSTEMPATH\CodeIgniter.php(361): CodeIgniter\CodeIgniter->handleRequest(null, Object(Config\Cache), false)
 4 FCPATH\index.php(79): CodeIgniter\CodeIgniter->run()
INFO - 2024-02-12 05:54:59 --> Session: Class initialized using 'CodeIgniter\Session\Handlers\FileHandler' driver.
WARNING - 2024-02-12 07:14:38 --> [DEPRECATED] Creation of dynamic property App\Controllers\Produk::$ModelProduk is deprecated in APPPATH\Controllers\Produk.php on line 14.
 1 SYSTEMPATH\CodeIgniter.php(913): App\Controllers\Produk->__construct()
 2 SYSTEMPATH\CodeIgniter.php(493): CodeIgniter\CodeIgniter->createController()
 3 SYSTEMPATH\CodeIgniter.php(361): CodeIgniter\CodeIgniter->handleRequest(null, Object(Config\Cache), false)
 4 FCPATH\index.php(79): CodeIgniter\CodeIgniter->run()
WARNING - 2024-02-12 07:14:38 --> [DEPRECATED] Creation of dynamic property App\Controllers\Produk::$ModelKategori is deprecated in APPPATH\Controllers\Produk.php on line 15.
 1 SYSTEMPATH\CodeIgniter.php(913): App\Controllers\Produk->__construct()
 2 SYSTEMPATH\CodeIgniter.php(493): CodeIgniter\CodeIgniter->createController()
 3 SYSTEMPATH\CodeIgniter.php(361): CodeIgniter\CodeIgniter->handleRequest(null, Object(Config\Cache), false)
 4 FCPATH\index.php(79): CodeIgniter\CodeIgniter->run()
WARNING - 2024-02-12 07:14:38 --> [DEPRECATED] Creation of dynamic property App\Controllers\Produk::$ModelSatuan is deprecated in APPPATH\Controllers\Produk.php on line 16.
 1 SYSTEMPATH\CodeIgniter.php(913): App\Controllers\Produk->__construct()
 2 SYSTEMPATH\CodeIgniter.php(493): CodeIgniter\CodeIgniter->createController()
 3 SYSTEMPATH\CodeIgniter.php(361): CodeIgniter\CodeIgniter->handleRequest(null, Object(Config\Cache), false)
 4 FCPATH\index.php(79): CodeIgniter\CodeIgniter->run()
INFO - 2024-02-12 07:14:38 --> Session: Class initialized using 'CodeIgniter\Session\Handlers\FileHandler' driver.
WARNING - 2024-02-12 07:16:40 --> [DEPRECATED] Creation of dynamic property App\Controllers\Produk::$ModelProduk is deprecated in APPPATH\Controllers\Produk.php on line 14.
 1 SYSTEMPATH\CodeIgniter.php(913): App\Controllers\Produk->__construct()
 2 SYSTEMPATH\CodeIgniter.php(493): CodeIgniter\CodeIgniter->createController()
 3 SYSTEMPATH\CodeIgniter.php(361): CodeIgniter\CodeIgniter->handleRequest(null, Object(Config\Cache), false)
 4 FCPATH\index.php(79): CodeIgniter\CodeIgniter->run()
WARNING - 2024-02-12 07:16:40 --> [DEPRECATED] Creation of dynamic property App\Controllers\Produk::$ModelKategori is deprecated in APPPATH\Controllers\Produk.php on line 15.
 1 SYSTEMPATH\CodeIgniter.php(913): App\Controllers\Produk->__construct()
 2 SYSTEMPATH\CodeIgniter.php(493): CodeIgniter\CodeIgniter->createController()
 3 SYSTEMPATH\CodeIgniter.php(361): CodeIgniter\CodeIgniter->handleRequest(null, Object(Config\Cache), false)
 4 FCPATH\index.php(79): CodeIgniter\CodeIgniter->run()
WARNING - 2024-02-12 07:16:40 --> [DEPRECATED] Creation of dynamic property App\Controllers\Produk::$ModelSatuan is deprecated in APPPATH\Controllers\Produk.php on line 16.
 1 SYSTEMPATH\CodeIgniter.php(913): App\Controllers\Produk->__construct()
 2 SYSTEMPATH\CodeIgniter.php(493): CodeIgniter\CodeIgniter->createController()
 3 SYSTEMPATH\CodeIgniter.php(361): CodeIgniter\CodeIgniter->handleRequest(null, Object(Config\Cache), false)
 4 FCPATH\index.php(79): CodeIgniter\CodeIgniter->run()
INFO - 2024-02-12 07:16:40 --> Session: Class initialized using 'CodeIgniter\Session\Handlers\FileHandler' driver.
WARNING - 2024-02-12 07:19:58 --> [DEPRECATED] Creation of dynamic property App\Controllers\Produk::$ModelProduk is deprecated in APPPATH\Controllers\Produk.php on line 14.
 1 SYSTEMPATH\CodeIgniter.php(913): App\Controllers\Produk->__construct()
 2 SYSTEMPATH\CodeIgniter.php(493): CodeIgniter\CodeIgniter->createController()
 3 SYSTEMPATH\CodeIgniter.php(361): CodeIgniter\CodeIgniter->handleRequest(null, Object(Config\Cache), false)
 4 FCPATH\index.php(79): CodeIgniter\CodeIgniter->run()
WARNING - 2024-02-12 07:19:58 --> [DEPRECATED] Creation of dynamic property App\Controllers\Produk::$ModelKategori is deprecated in APPPATH\Controllers\Produk.php on line 15.
 1 SYSTEMPATH\CodeIgniter.php(913): App\Controllers\Produk->__construct()
 2 SYSTEMPATH\CodeIgniter.php(493): CodeIgniter\CodeIgniter->createController()
 3 SYSTEMPATH\CodeIgniter.php(361): CodeIgniter\CodeIgniter->handleRequest(null, Object(Config\Cache), false)
 4 FCPATH\index.php(79): CodeIgniter\CodeIgniter->run()
WARNING - 2024-02-12 07:19:58 --> [DEPRECATED] Creation of dynamic property App\Controllers\Produk::$ModelSatuan is deprecated in APPPATH\Controllers\Produk.php on line 16.
 1 SYSTEMPATH\CodeIgniter.php(913): App\Controllers\Produk->__construct()
 2 SYSTEMPATH\CodeIgniter.php(493): CodeIgniter\CodeIgniter->createController()
 3 SYSTEMPATH\CodeIgniter.php(361): CodeIgniter\CodeIgniter->handleRequest(null, Object(Config\Cache), false)
 4 FCPATH\index.php(79): CodeIgniter\CodeIgniter->run()
CRITICAL - 2024-02-12 07:19:58 --> ErrorException: Undefined global variable $_SESSION
in APPPATH\Views\v_template.php on line 104.
 1 APPPATH\Views\v_template.php(104): CodeIgniter\Debug\Exceptions->errorHandler(2, 'Undefined global variable $_SESSION', 'C:\\xamppp\\htdocs\\kasir-ci4\\app\\Views\\v_template.php', 104)
 2 SYSTEMPATH\View\View.php(228): include('C:\\xamppp\\htdocs\\kasir-ci4\\app\\Views\\v_template.php')
 3 SYSTEMPATH\View\View.php(231): CodeIgniter\View\View->CodeIgniter\View\{closure}()
 4 SYSTEMPATH\Common.php(1178): CodeIgniter\View\View->render('v_template', [], true)
 5 APPPATH\Controllers\Produk.php(32): view('v_template', [...])
 6 SYSTEMPATH\CodeIgniter.php(941): App\Controllers\Produk->index()
 7 SYSTEMPATH\CodeIgniter.php(502): CodeIgniter\CodeIgniter->runController(Object(App\Controllers\Produk))
 8 SYSTEMPATH\CodeIgniter.php(361): CodeIgniter\CodeIgniter->handleRequest(null, Object(Config\Cache), false)
 9 FCPATH\index.php(79): CodeIgniter\CodeIgniter->run()
WARNING - 2024-02-12 07:21:24 --> [DEPRECATED] Creation of dynamic property App\Controllers\Produk::$ModelProduk is deprecated in APPPATH\Controllers\Produk.php on line 14.
 1 SYSTEMPATH\CodeIgniter.php(913): App\Controllers\Produk->__construct()
 2 SYSTEMPATH\CodeIgniter.php(493): CodeIgniter\CodeIgniter->createController()
 3 SYSTEMPATH\CodeIgniter.php(361): CodeIgniter\CodeIgniter->handleRequest(null, Object(Config\Cache), false)
 4 FCPATH\index.php(79): CodeIgniter\CodeIgniter->run()
WARNING - 2024-02-12 07:21:24 --> [DEPRECATED] Creation of dynamic property App\Controllers\Produk::$ModelKategori is deprecated in APPPATH\Controllers\Produk.php on line 15.
 1 SYSTEMPATH\CodeIgniter.php(913): App\Controllers\Produk->__construct()
 2 SYSTEMPATH\CodeIgniter.php(493): CodeIgniter\CodeIgniter->createController()
 3 SYSTEMPATH\CodeIgniter.php(361): CodeIgniter\CodeIgniter->handleRequest(null, Object(Config\Cache), false)
 4 FCPATH\index.php(79): CodeIgniter\CodeIgniter->run()
WARNING - 2024-02-12 07:21:24 --> [DEPRECATED] Creation of dynamic property App\Controllers\Produk::$ModelSatuan is deprecated in APPPATH\Controllers\Produk.php on line 16.
 1 SYSTEMPATH\CodeIgniter.php(913): App\Controllers\Produk->__construct()
 2 SYSTEMPATH\CodeIgniter.php(493): CodeIgniter\CodeIgniter->createController()
 3 SYSTEMPATH\CodeIgniter.php(361): CodeIgniter\CodeIgniter->handleRequest(null, Object(Config\Cache), false)
 4 FCPATH\index.php(79): CodeIgniter\CodeIgniter->run()
CRITICAL - 2024-02-12 07:21:24 --> TypeError: session_start(): Argument #1 ($options) must be of type array, string given
in APPPATH\Views\v_template.php on line 104.
 1 APPPATH\Views\v_template.php(104): session_start('nama_user')
 2 SYSTEMPATH\View\View.php(228): include('C:\\xamppp\\htdocs\\kasir-ci4\\app\\Views\\v_template.php')
 3 SYSTEMPATH\View\View.php(231): CodeIgniter\View\View->CodeIgniter\View\{closure}()
 4 SYSTEMPATH\Common.php(1178): CodeIgniter\View\View->render('v_template', [], true)
 5 APPPATH\Controllers\Produk.php(32): view('v_template', [...])
 6 SYSTEMPATH\CodeIgniter.php(941): App\Controllers\Produk->index()
 7 SYSTEMPATH\CodeIgniter.php(502): CodeIgniter\CodeIgniter->runController(Object(App\Controllers\Produk))
 8 SYSTEMPATH\CodeIgniter.php(361): CodeIgniter\CodeIgniter->handleRequest(null, Object(Config\Cache), false)
 9 FCPATH\index.php(79): CodeIgniter\CodeIgniter->run()
WARNING - 2024-02-12 09:21:41 --> [DEPRECATED] Creation of dynamic property App\Controllers\Produk::$ModelProduk is deprecated in APPPATH\Controllers\Produk.php on line 14.
 1 SYSTEMPATH\CodeIgniter.php(913): App\Controllers\Produk->__construct()
 2 SYSTEMPATH\CodeIgniter.php(493): CodeIgniter\CodeIgniter->createController()
 3 SYSTEMPATH\CodeIgniter.php(361): CodeIgniter\CodeIgniter->handleRequest(null, Object(Config\Cache), false)
 4 FCPATH\index.php(79): CodeIgniter\CodeIgniter->run()
WARNING - 2024-02-12 09:21:41 --> [DEPRECATED] Creation of dynamic property App\Controllers\Produk::$ModelKategori is deprecated in APPPATH\Controllers\Produk.php on line 15.
 1 SYSTEMPATH\CodeIgniter.php(913): App\Controllers\Produk->__construct()
 2 SYSTEMPATH\CodeIgniter.php(493): CodeIgniter\CodeIgniter->createController()
 3 SYSTEMPATH\CodeIgniter.php(361): CodeIgniter\CodeIgniter->handleRequest(null, Object(Config\Cache), false)
 4 FCPATH\index.php(79): CodeIgniter\CodeIgniter->run()
WARNING - 2024-02-12 09:21:41 --> [DEPRECATED] Creation of dynamic property App\Controllers\Produk::$ModelSatuan is deprecated in APPPATH\Controllers\Produk.php on line 16.
 1 SYSTEMPATH\CodeIgniter.php(913): App\Controllers\Produk->__construct()
 2 SYSTEMPATH\CodeIgniter.php(493): CodeIgniter\CodeIgniter->createController()
 3 SYSTEMPATH\CodeIgniter.php(361): CodeIgniter\CodeIgniter->handleRequest(null, Object(Config\Cache), false)
 4 FCPATH\index.php(79): CodeIgniter\CodeIgniter->run()
INFO - 2024-02-12 09:21:41 --> Session: Class initialized using 'CodeIgniter\Session\Handlers\FileHandler' driver.
WARNING - 2024-02-12 09:22:28 --> [DEPRECATED] Creation of dynamic property App\Controllers\Home::$ModelUser is deprecated in APPPATH\Controllers\Home.php on line 10.
 1 SYSTEMPATH\CodeIgniter.php(913): App\Controllers\Home->__construct()
 2 SYSTEMPATH\CodeIgniter.php(493): CodeIgniter\CodeIgniter->createController()
 3 SYSTEMPATH\CodeIgniter.php(361): CodeIgniter\CodeIgniter->handleRequest(null, Object(Config\Cache), false)
 4 FCPATH\index.php(79): CodeIgniter\CodeIgniter->run()
INFO - 2024-02-12 09:22:28 --> Session: Class initialized using 'CodeIgniter\Session\Handlers\FileHandler' driver.
WARNING - 2024-02-12 09:22:28 --> [DEPRECATED] Creation of dynamic property App\Controllers\Home::$ModelUser is deprecated in APPPATH\Controllers\Home.php on line 10.
 1 SYSTEMPATH\CodeIgniter.php(913): App\Controllers\Home->__construct()
 2 SYSTEMPATH\CodeIgniter.php(493): CodeIgniter\CodeIgniter->createController()
 3 SYSTEMPATH\CodeIgniter.php(361): CodeIgniter\CodeIgniter->handleRequest(null, Object(Config\Cache), false)
 4 FCPATH\index.php(79): CodeIgniter\CodeIgniter->run()
INFO - 2024-02-12 09:22:28 --> Session: Class initialized using 'CodeIgniter\Session\Handlers\FileHandler' driver.
WARNING - 2024-02-12 09:22:55 --> [DEPRECATED] Creation of dynamic property App\Controllers\Home::$ModelUser is deprecated in APPPATH\Controllers\Home.php on line 10.
 1 SYSTEMPATH\CodeIgniter.php(913): App\Controllers\Home->__construct()
 2 SYSTEMPATH\CodeIgniter.php(493): CodeIgniter\CodeIgniter->createController()
 3 SYSTEMPATH\CodeIgniter.php(361): CodeIgniter\CodeIgniter->handleRequest(null, Object(Config\Cache), false)
 4 FCPATH\index.php(79): CodeIgniter\CodeIgniter->run()
INFO - 2024-02-12 09:22:55 --> Session: Class initialized using 'CodeIgniter\Session\Handlers\FileHandler' driver.
WARNING - 2024-02-12 09:22:55 --> [DEPRECATED] Creation of dynamic property App\Controllers\Penjualan::$ModelPenjualan is deprecated in APPPATH\Controllers\Penjualan.php on line 12.
 1 SYSTEMPATH\CodeIgniter.php(913): App\Controllers\Penjualan->__construct()
 2 SYSTEMPATH\CodeIgniter.php(493): CodeIgniter\CodeIgniter->createController()
 3 SYSTEMPATH\CodeIgniter.php(361): CodeIgniter\CodeIgniter->handleRequest(null, Object(Config\Cache), false)
 4 FCPATH\index.php(79): CodeIgniter\CodeIgniter->run()
INFO - 2024-02-12 09:22:55 --> Session: Class initialized using 'CodeIgniter\Session\Handlers\FileHandler' driver.
WARNING - 2024-02-12 12:34:44 --> [DEPRECATED] Creation of dynamic property App\Controllers\Home::$ModelUser is deprecated in APPPATH\Controllers\Home.php on line 10.
 1 SYSTEMPATH\CodeIgniter.php(913): App\Controllers\Home->__construct()
 2 SYSTEMPATH\CodeIgniter.php(493): CodeIgniter\CodeIgniter->createController()
 3 SYSTEMPATH\CodeIgniter.php(361): CodeIgniter\CodeIgniter->handleRequest(null, Object(Config\Cache), false)
 4 FCPATH\index.php(79): CodeIgniter\CodeIgniter->run()
INFO - 2024-02-12 12:34:44 --> Session: Class initialized using 'CodeIgniter\Session\Handlers\FileHandler' driver.
WARNING - 2024-02-12 12:34:51 --> [DEPRECATED] Creation of dynamic property App\Controllers\Home::$ModelUser is deprecated in APPPATH\Controllers\Home.php on line 10.
 1 SYSTEMPATH\CodeIgniter.php(913): App\Controllers\Home->__construct()
 2 SYSTEMPATH\CodeIgniter.php(493): CodeIgniter\CodeIgniter->createController()
 3 SYSTEMPATH\CodeIgniter.php(361): CodeIgniter\CodeIgniter->handleRequest(null, Object(Config\Cache), false)
 4 FCPATH\index.php(79): CodeIgniter\CodeIgniter->run()
INFO - 2024-02-12 12:34:51 --> Session: Class initialized using 'CodeIgniter\Session\Handlers\FileHandler' driver.
WARNING - 2024-02-12 12:34:52 --> [DEPRECATED] Creation of dynamic property App\Controllers\Penjualan::$ModelPenjualan is deprecated in APPPATH\Controllers\Penjualan.php on line 12.
 1 SYSTEMPATH\CodeIgniter.php(913): App\Controllers\Penjualan->__construct()
 2 SYSTEMPATH\CodeIgniter.php(493): CodeIgniter\CodeIgniter->createController()
 3 SYSTEMPATH\CodeIgniter.php(361): CodeIgniter\CodeIgniter->handleRequest(null, Object(Config\Cache), false)
 4 FCPATH\index.php(79): CodeIgniter\CodeIgniter->run()
INFO - 2024-02-12 12:34:52 --> Session: Class initialized using 'CodeIgniter\Session\Handlers\FileHandler' driver.
WARNING - 2024-02-12 12:36:46 --> [DEPRECATED] Creation of dynamic property App\Controllers\Produk::$ModelProduk is deprecated in APPPATH\Controllers\Produk.php on line 14.
 1 SYSTEMPATH\CodeIgniter.php(913): App\Controllers\Produk->__construct()
 2 SYSTEMPATH\CodeIgniter.php(493): CodeIgniter\CodeIgniter->createController()
 3 SYSTEMPATH\CodeIgniter.php(361): CodeIgniter\CodeIgniter->handleRequest(null, Object(Config\Cache), false)
 4 FCPATH\index.php(79): CodeIgniter\CodeIgniter->run()
WARNING - 2024-02-12 12:36:46 --> [DEPRECATED] Creation of dynamic property App\Controllers\Produk::$ModelKategori is deprecated in APPPATH\Controllers\Produk.php on line 15.
 1 SYSTEMPATH\CodeIgniter.php(913): App\Controllers\Produk->__construct()
 2 SYSTEMPATH\CodeIgniter.php(493): CodeIgniter\CodeIgniter->createController()
 3 SYSTEMPATH\CodeIgniter.php(361): CodeIgniter\CodeIgniter->handleRequest(null, Object(Config\Cache), false)
 4 FCPATH\index.php(79): CodeIgniter\CodeIgniter->run()
WARNING - 2024-02-12 12:36:46 --> [DEPRECATED] Creation of dynamic property App\Controllers\Produk::$ModelSatuan is deprecated in APPPATH\Controllers\Produk.php on line 16.
 1 SYSTEMPATH\CodeIgniter.php(913): App\Controllers\Produk->__construct()
 2 SYSTEMPATH\CodeIgniter.php(493): CodeIgniter\CodeIgniter->createController()
 3 SYSTEMPATH\CodeIgniter.php(361): CodeIgniter\CodeIgniter->handleRequest(null, Object(Config\Cache), false)
 4 FCPATH\index.php(79): CodeIgniter\CodeIgniter->run()
INFO - 2024-02-12 12:36:46 --> Session: Class initialized using 'CodeIgniter\Session\Handlers\FileHandler' driver.
WARNING - 2024-02-12 15:07:03 --> [DEPRECATED] Creation of dynamic property App\Controllers\Produk::$ModelProduk is deprecated in APPPATH\Controllers\Produk.php on line 14.
 1 SYSTEMPATH\CodeIgniter.php(913): App\Controllers\Produk->__construct()
 2 SYSTEMPATH\CodeIgniter.php(493): CodeIgniter\CodeIgniter->createController()
 3 SYSTEMPATH\CodeIgniter.php(361): CodeIgniter\CodeIgniter->handleRequest(null, Object(Config\Cache), false)
 4 FCPATH\index.php(79): CodeIgniter\CodeIgniter->run()
WARNING - 2024-02-12 15:07:03 --> [DEPRECATED] Creation of dynamic property App\Controllers\Produk::$ModelKategori is deprecated in APPPATH\Controllers\Produk.php on line 15.
 1 SYSTEMPATH\CodeIgniter.php(913): App\Controllers\Produk->__construct()
 2 SYSTEMPATH\CodeIgniter.php(493): CodeIgniter\CodeIgniter->createController()
 3 SYSTEMPATH\CodeIgniter.php(361): CodeIgniter\CodeIgniter->handleRequest(null, Object(Config\Cache), false)
 4 FCPATH\index.php(79): CodeIgniter\CodeIgniter->run()
WARNING - 2024-02-12 15:07:03 --> [DEPRECATED] Creation of dynamic property App\Controllers\Produk::$ModelSatuan is deprecated in APPPATH\Controllers\Produk.php on line 16.
 1 SYSTEMPATH\CodeIgniter.php(913): App\Controllers\Produk->__construct()
 2 SYSTEMPATH\CodeIgniter.php(493): CodeIgniter\CodeIgniter->createController()
 3 SYSTEMPATH\CodeIgniter.php(361): CodeIgniter\CodeIgniter->handleRequest(null, Object(Config\Cache), false)
 4 FCPATH\index.php(79): CodeIgniter\CodeIgniter->run()
INFO - 2024-02-12 15:07:04 --> Session: Class initialized using 'CodeIgniter\Session\Handlers\FileHandler' driver.
WARNING - 2024-02-12 15:07:13 --> [DEPRECATED] Creation of dynamic property App\Controllers\Penjualan::$ModelPenjualan is deprecated in APPPATH\Controllers\Penjualan.php on line 12.
 1 SYSTEMPATH\CodeIgniter.php(913): App\Controllers\Penjualan->__construct()
 2 SYSTEMPATH\CodeIgniter.php(493): CodeIgniter\CodeIgniter->createController()
 3 SYSTEMPATH\CodeIgniter.php(361): CodeIgniter\CodeIgniter->handleRequest(null, Object(Config\Cache), false)
 4 FCPATH\index.php(79): CodeIgniter\CodeIgniter->run()
INFO - 2024-02-12 15:07:13 --> Session: Class initialized using 'CodeIgniter\Session\Handlers\FileHandler' driver.
WARNING - 2024-02-12 15:27:23 --> [DEPRECATED] Creation of dynamic property App\Controllers\Home::$ModelUser is deprecated in APPPATH\Controllers\Home.php on line 10.
 1 SYSTEMPATH\CodeIgniter.php(913): App\Controllers\Home->__construct()
 2 SYSTEMPATH\CodeIgniter.php(493): CodeIgniter\CodeIgniter->createController()
 3 SYSTEMPATH\CodeIgniter.php(361): CodeIgniter\CodeIgniter->handleRequest(null, Object(Config\Cache), false)
 4 FCPATH\index.php(79): CodeIgniter\CodeIgniter->run()
INFO - 2024-02-12 15:27:23 --> Session: Class initialized using 'CodeIgniter\Session\Handlers\FileHandler' driver.
WARNING - 2024-02-12 15:28:05 --> [DEPRECATED] Creation of dynamic property App\Controllers\Home::$ModelUser is deprecated in APPPATH\Controllers\Home.php on line 10.
 1 SYSTEMPATH\CodeIgniter.php(913): App\Controllers\Home->__construct()
 2 SYSTEMPATH\CodeIgniter.php(493): CodeIgniter\CodeIgniter->createController()
 3 SYSTEMPATH\CodeIgniter.php(361): CodeIgniter\CodeIgniter->handleRequest(null, Object(Config\Cache), false)
 4 FCPATH\index.php(79): CodeIgniter\CodeIgniter->run()
INFO - 2024-02-12 15:28:05 --> Session: Class initialized using 'CodeIgniter\Session\Handlers\FileHandler' driver.
