INFO - 2024-02-24 02:32:36 --> Session: Class initialized using 'CodeIgniter\Session\Handlers\FileHandler' driver.
WARNING - 2024-02-24 02:32:36 --> [DEPRECATED] Creation of dynamic property App\Controllers\Home::$ModelUser is deprecated in APPPATH\Controllers\Home.php on line 10.
 1 SYSTEMPATH\CodeIgniter.php(913): App\Controllers\Home->__construct()
 2 SYSTEMPATH\CodeIgniter.php(493): CodeIgniter\CodeIgniter->createController()
 3 SYSTEMPATH\CodeIgniter.php(361): CodeIgniter\CodeIgniter->handleRequest(null, Object(Config\Cache), false)
 4 FCPATH\index.php(79): CodeIgniter\CodeIgniter->run()
INFO - 2024-02-24 02:32:36 --> Session: Class initialized using 'CodeIgniter\Session\Handlers\FileHandler' driver.
WARNING - 2024-02-24 02:32:42 --> [DEPRECATED] Creation of dynamic property App\Controllers\Home::$ModelUser is deprecated in APPPATH\Controllers\Home.php on line 10.
 1 SYSTEMPATH\CodeIgniter.php(913): App\Controllers\Home->__construct()
 2 SYSTEMPATH\CodeIgniter.php(493): CodeIgniter\CodeIgniter->createController()
 3 SYSTEMPATH\CodeIgniter.php(361): CodeIgniter\CodeIgniter->handleRequest(null, Object(Config\Cache), false)
 4 FCPATH\index.php(79): CodeIgniter\CodeIgniter->run()
INFO - 2024-02-24 02:32:43 --> Session: Class initialized using 'CodeIgniter\Session\Handlers\FileHandler' driver.
INFO - 2024-02-24 02:32:43 --> Session: Class initialized using 'CodeIgniter\Session\Handlers\FileHandler' driver.
INFO - 2024-02-24 02:32:52 --> Session: Class initialized using 'CodeIgniter\Session\Handlers\FileHandler' driver.
WARNING - 2024-02-24 02:32:52 --> [DEPRECATED] Creation of dynamic property App\Controllers\Laporan::$ModelProduk is deprecated in APPPATH\Controllers\Laporan.php on line 15.
 1 SYSTEMPATH\CodeIgniter.php(913): App\Controllers\Laporan->__construct()
 2 SYSTEMPATH\CodeIgniter.php(493): CodeIgniter\CodeIgniter->createController()
 3 SYSTEMPATH\CodeIgniter.php(361): CodeIgniter\CodeIgniter->handleRequest(null, Object(Config\Cache), false)
 4 FCPATH\index.php(79): CodeIgniter\CodeIgniter->run()
CRITICAL - 2024-02-24 02:32:52 --> Error: Class "App\Models\ModelAdmin" not found
in APPPATH\Controllers\Laporan.php on line 16.
 1 SYSTEMPATH\CodeIgniter.php(913): App\Controllers\Laporan->__construct()
 2 SYSTEMPATH\CodeIgniter.php(493): CodeIgniter\CodeIgniter->createController()
 3 SYSTEMPATH\CodeIgniter.php(361): CodeIgniter\CodeIgniter->handleRequest(null, Object(Config\Cache), false)
 4 FCPATH\index.php(79): CodeIgniter\CodeIgniter->run()
INFO - 2024-02-24 02:33:28 --> Session: Class initialized using 'CodeIgniter\Session\Handlers\FileHandler' driver.
WARNING - 2024-02-24 02:33:28 --> [DEPRECATED] Creation of dynamic property App\Controllers\Laporan::$ModelProduk is deprecated in APPPATH\Controllers\Laporan.php on line 15.
 1 SYSTEMPATH\CodeIgniter.php(913): App\Controllers\Laporan->__construct()
 2 SYSTEMPATH\CodeIgniter.php(493): CodeIgniter\CodeIgniter->createController()
 3 SYSTEMPATH\CodeIgniter.php(361): CodeIgniter\CodeIgniter->handleRequest(null, Object(Config\Cache), false)
 4 FCPATH\index.php(79): CodeIgniter\CodeIgniter->run()
WARNING - 2024-02-24 02:33:28 --> [DEPRECATED] Creation of dynamic property App\Controllers\Laporan::$ModelLaporan is deprecated in APPPATH\Controllers\Laporan.php on line 17.
 1 SYSTEMPATH\CodeIgniter.php(913): App\Controllers\Laporan->__construct()
 2 SYSTEMPATH\CodeIgniter.php(493): CodeIgniter\CodeIgniter->createController()
 3 SYSTEMPATH\CodeIgniter.php(361): CodeIgniter\CodeIgniter->handleRequest(null, Object(Config\Cache), false)
 4 FCPATH\index.php(79): CodeIgniter\CodeIgniter->run()
INFO - 2024-02-24 02:33:34 --> Session: Class initialized using 'CodeIgniter\Session\Handlers\FileHandler' driver.
WARNING - 2024-02-24 02:33:34 --> [DEPRECATED] Creation of dynamic property App\Controllers\Laporan::$ModelProduk is deprecated in APPPATH\Controllers\Laporan.php on line 15.
 1 SYSTEMPATH\CodeIgniter.php(913): App\Controllers\Laporan->__construct()
 2 SYSTEMPATH\CodeIgniter.php(493): CodeIgniter\CodeIgniter->createController()
 3 SYSTEMPATH\CodeIgniter.php(361): CodeIgniter\CodeIgniter->handleRequest(null, Object(Config\Cache), false)
 4 FCPATH\index.php(79): CodeIgniter\CodeIgniter->run()
WARNING - 2024-02-24 02:33:34 --> [DEPRECATED] Creation of dynamic property App\Controllers\Laporan::$ModelLaporan is deprecated in APPPATH\Controllers\Laporan.php on line 17.
 1 SYSTEMPATH\CodeIgniter.php(913): App\Controllers\Laporan->__construct()
 2 SYSTEMPATH\CodeIgniter.php(493): CodeIgniter\CodeIgniter->createController()
 3 SYSTEMPATH\CodeIgniter.php(361): CodeIgniter\CodeIgniter->handleRequest(null, Object(Config\Cache), false)
 4 FCPATH\index.php(79): CodeIgniter\CodeIgniter->run()
INFO - 2024-02-24 02:33:37 --> Session: Class initialized using 'CodeIgniter\Session\Handlers\FileHandler' driver.
WARNING - 2024-02-24 02:33:37 --> [DEPRECATED] Creation of dynamic property App\Controllers\Laporan::$ModelProduk is deprecated in APPPATH\Controllers\Laporan.php on line 15.
 1 SYSTEMPATH\CodeIgniter.php(913): App\Controllers\Laporan->__construct()
 2 SYSTEMPATH\CodeIgniter.php(493): CodeIgniter\CodeIgniter->createController()
 3 SYSTEMPATH\CodeIgniter.php(361): CodeIgniter\CodeIgniter->handleRequest(null, Object(Config\Cache), false)
 4 FCPATH\index.php(79): CodeIgniter\CodeIgniter->run()
WARNING - 2024-02-24 02:33:37 --> [DEPRECATED] Creation of dynamic property App\Controllers\Laporan::$ModelLaporan is deprecated in APPPATH\Controllers\Laporan.php on line 17.
 1 SYSTEMPATH\CodeIgniter.php(913): App\Controllers\Laporan->__construct()
 2 SYSTEMPATH\CodeIgniter.php(493): CodeIgniter\CodeIgniter->createController()
 3 SYSTEMPATH\CodeIgniter.php(361): CodeIgniter\CodeIgniter->handleRequest(null, Object(Config\Cache), false)
 4 FCPATH\index.php(79): CodeIgniter\CodeIgniter->run()
INFO - 2024-02-24 02:33:40 --> Session: Class initialized using 'CodeIgniter\Session\Handlers\FileHandler' driver.
WARNING - 2024-02-24 02:33:40 --> [DEPRECATED] Creation of dynamic property App\Controllers\Laporan::$ModelProduk is deprecated in APPPATH\Controllers\Laporan.php on line 15.
 1 SYSTEMPATH\CodeIgniter.php(913): App\Controllers\Laporan->__construct()
 2 SYSTEMPATH\CodeIgniter.php(493): CodeIgniter\CodeIgniter->createController()
 3 SYSTEMPATH\CodeIgniter.php(361): CodeIgniter\CodeIgniter->handleRequest(null, Object(Config\Cache), false)
 4 FCPATH\index.php(79): CodeIgniter\CodeIgniter->run()
WARNING - 2024-02-24 02:33:40 --> [DEPRECATED] Creation of dynamic property App\Controllers\Laporan::$ModelLaporan is deprecated in APPPATH\Controllers\Laporan.php on line 17.
 1 SYSTEMPATH\CodeIgniter.php(913): App\Controllers\Laporan->__construct()
 2 SYSTEMPATH\CodeIgniter.php(493): CodeIgniter\CodeIgniter->createController()
 3 SYSTEMPATH\CodeIgniter.php(361): CodeIgniter\CodeIgniter->handleRequest(null, Object(Config\Cache), false)
 4 FCPATH\index.php(79): CodeIgniter\CodeIgniter->run()
INFO - 2024-02-24 02:33:42 --> Session: Class initialized using 'CodeIgniter\Session\Handlers\FileHandler' driver.
WARNING - 2024-02-24 02:33:42 --> [DEPRECATED] Creation of dynamic property App\Controllers\Laporan::$ModelProduk is deprecated in APPPATH\Controllers\Laporan.php on line 15.
 1 SYSTEMPATH\CodeIgniter.php(913): App\Controllers\Laporan->__construct()
 2 SYSTEMPATH\CodeIgniter.php(493): CodeIgniter\CodeIgniter->createController()
 3 SYSTEMPATH\CodeIgniter.php(361): CodeIgniter\CodeIgniter->handleRequest(null, Object(Config\Cache), false)
 4 FCPATH\index.php(79): CodeIgniter\CodeIgniter->run()
WARNING - 2024-02-24 02:33:42 --> [DEPRECATED] Creation of dynamic property App\Controllers\Laporan::$ModelLaporan is deprecated in APPPATH\Controllers\Laporan.php on line 17.
 1 SYSTEMPATH\CodeIgniter.php(913): App\Controllers\Laporan->__construct()
 2 SYSTEMPATH\CodeIgniter.php(493): CodeIgniter\CodeIgniter->createController()
 3 SYSTEMPATH\CodeIgniter.php(361): CodeIgniter\CodeIgniter->handleRequest(null, Object(Config\Cache), false)
 4 FCPATH\index.php(79): CodeIgniter\CodeIgniter->run()
INFO - 2024-02-24 02:33:43 --> Session: Class initialized using 'CodeIgniter\Session\Handlers\FileHandler' driver.
WARNING - 2024-02-24 02:33:43 --> [DEPRECATED] Creation of dynamic property App\Controllers\Laporan::$ModelProduk is deprecated in APPPATH\Controllers\Laporan.php on line 15.
 1 SYSTEMPATH\CodeIgniter.php(913): App\Controllers\Laporan->__construct()
 2 SYSTEMPATH\CodeIgniter.php(493): CodeIgniter\CodeIgniter->createController()
 3 SYSTEMPATH\CodeIgniter.php(361): CodeIgniter\CodeIgniter->handleRequest(null, Object(Config\Cache), false)
 4 FCPATH\index.php(79): CodeIgniter\CodeIgniter->run()
WARNING - 2024-02-24 02:33:43 --> [DEPRECATED] Creation of dynamic property App\Controllers\Laporan::$ModelLaporan is deprecated in APPPATH\Controllers\Laporan.php on line 17.
 1 SYSTEMPATH\CodeIgniter.php(913): App\Controllers\Laporan->__construct()
 2 SYSTEMPATH\CodeIgniter.php(493): CodeIgniter\CodeIgniter->createController()
 3 SYSTEMPATH\CodeIgniter.php(361): CodeIgniter\CodeIgniter->handleRequest(null, Object(Config\Cache), false)
 4 FCPATH\index.php(79): CodeIgniter\CodeIgniter->run()
INFO - 2024-02-24 02:33:44 --> Session: Class initialized using 'CodeIgniter\Session\Handlers\FileHandler' driver.
WARNING - 2024-02-24 02:33:44 --> [DEPRECATED] Creation of dynamic property App\Controllers\Laporan::$ModelProduk is deprecated in APPPATH\Controllers\Laporan.php on line 15.
 1 SYSTEMPATH\CodeIgniter.php(913): App\Controllers\Laporan->__construct()
 2 SYSTEMPATH\CodeIgniter.php(493): CodeIgniter\CodeIgniter->createController()
 3 SYSTEMPATH\CodeIgniter.php(361): CodeIgniter\CodeIgniter->handleRequest(null, Object(Config\Cache), false)
 4 FCPATH\index.php(79): CodeIgniter\CodeIgniter->run()
WARNING - 2024-02-24 02:33:44 --> [DEPRECATED] Creation of dynamic property App\Controllers\Laporan::$ModelLaporan is deprecated in APPPATH\Controllers\Laporan.php on line 17.
 1 SYSTEMPATH\CodeIgniter.php(913): App\Controllers\Laporan->__construct()
 2 SYSTEMPATH\CodeIgniter.php(493): CodeIgniter\CodeIgniter->createController()
 3 SYSTEMPATH\CodeIgniter.php(361): CodeIgniter\CodeIgniter->handleRequest(null, Object(Config\Cache), false)
 4 FCPATH\index.php(79): CodeIgniter\CodeIgniter->run()
INFO - 2024-02-24 02:33:44 --> Session: Class initialized using 'CodeIgniter\Session\Handlers\FileHandler' driver.
WARNING - 2024-02-24 02:33:44 --> [DEPRECATED] Creation of dynamic property App\Controllers\Laporan::$ModelProduk is deprecated in APPPATH\Controllers\Laporan.php on line 15.
 1 SYSTEMPATH\CodeIgniter.php(913): App\Controllers\Laporan->__construct()
 2 SYSTEMPATH\CodeIgniter.php(493): CodeIgniter\CodeIgniter->createController()
 3 SYSTEMPATH\CodeIgniter.php(361): CodeIgniter\CodeIgniter->handleRequest(null, Object(Config\Cache), false)
 4 FCPATH\index.php(79): CodeIgniter\CodeIgniter->run()
WARNING - 2024-02-24 02:33:44 --> [DEPRECATED] Creation of dynamic property App\Controllers\Laporan::$ModelLaporan is deprecated in APPPATH\Controllers\Laporan.php on line 17.
 1 SYSTEMPATH\CodeIgniter.php(913): App\Controllers\Laporan->__construct()
 2 SYSTEMPATH\CodeIgniter.php(493): CodeIgniter\CodeIgniter->createController()
 3 SYSTEMPATH\CodeIgniter.php(361): CodeIgniter\CodeIgniter->handleRequest(null, Object(Config\Cache), false)
 4 FCPATH\index.php(79): CodeIgniter\CodeIgniter->run()
INFO - 2024-02-24 02:33:44 --> Session: Class initialized using 'CodeIgniter\Session\Handlers\FileHandler' driver.
WARNING - 2024-02-24 02:33:44 --> [DEPRECATED] Creation of dynamic property App\Controllers\Laporan::$ModelProduk is deprecated in APPPATH\Controllers\Laporan.php on line 15.
 1 SYSTEMPATH\CodeIgniter.php(913): App\Controllers\Laporan->__construct()
 2 SYSTEMPATH\CodeIgniter.php(493): CodeIgniter\CodeIgniter->createController()
 3 SYSTEMPATH\CodeIgniter.php(361): CodeIgniter\CodeIgniter->handleRequest(null, Object(Config\Cache), false)
 4 FCPATH\index.php(79): CodeIgniter\CodeIgniter->run()
WARNING - 2024-02-24 02:33:44 --> [DEPRECATED] Creation of dynamic property App\Controllers\Laporan::$ModelLaporan is deprecated in APPPATH\Controllers\Laporan.php on line 17.
 1 SYSTEMPATH\CodeIgniter.php(913): App\Controllers\Laporan->__construct()
 2 SYSTEMPATH\CodeIgniter.php(493): CodeIgniter\CodeIgniter->createController()
 3 SYSTEMPATH\CodeIgniter.php(361): CodeIgniter\CodeIgniter->handleRequest(null, Object(Config\Cache), false)
 4 FCPATH\index.php(79): CodeIgniter\CodeIgniter->run()
INFO - 2024-02-24 02:33:44 --> Session: Class initialized using 'CodeIgniter\Session\Handlers\FileHandler' driver.
WARNING - 2024-02-24 02:33:44 --> [DEPRECATED] Creation of dynamic property App\Controllers\Laporan::$ModelProduk is deprecated in APPPATH\Controllers\Laporan.php on line 15.
 1 SYSTEMPATH\CodeIgniter.php(913): App\Controllers\Laporan->__construct()
 2 SYSTEMPATH\CodeIgniter.php(493): CodeIgniter\CodeIgniter->createController()
 3 SYSTEMPATH\CodeIgniter.php(361): CodeIgniter\CodeIgniter->handleRequest(null, Object(Config\Cache), false)
 4 FCPATH\index.php(79): CodeIgniter\CodeIgniter->run()
WARNING - 2024-02-24 02:33:44 --> [DEPRECATED] Creation of dynamic property App\Controllers\Laporan::$ModelLaporan is deprecated in APPPATH\Controllers\Laporan.php on line 17.
 1 SYSTEMPATH\CodeIgniter.php(913): App\Controllers\Laporan->__construct()
 2 SYSTEMPATH\CodeIgniter.php(493): CodeIgniter\CodeIgniter->createController()
 3 SYSTEMPATH\CodeIgniter.php(361): CodeIgniter\CodeIgniter->handleRequest(null, Object(Config\Cache), false)
 4 FCPATH\index.php(79): CodeIgniter\CodeIgniter->run()
INFO - 2024-02-24 02:33:45 --> Session: Class initialized using 'CodeIgniter\Session\Handlers\FileHandler' driver.
WARNING - 2024-02-24 02:33:45 --> [DEPRECATED] Creation of dynamic property App\Controllers\Laporan::$ModelProduk is deprecated in APPPATH\Controllers\Laporan.php on line 15.
 1 SYSTEMPATH\CodeIgniter.php(913): App\Controllers\Laporan->__construct()
 2 SYSTEMPATH\CodeIgniter.php(493): CodeIgniter\CodeIgniter->createController()
 3 SYSTEMPATH\CodeIgniter.php(361): CodeIgniter\CodeIgniter->handleRequest(null, Object(Config\Cache), false)
 4 FCPATH\index.php(79): CodeIgniter\CodeIgniter->run()
WARNING - 2024-02-24 02:33:45 --> [DEPRECATED] Creation of dynamic property App\Controllers\Laporan::$ModelLaporan is deprecated in APPPATH\Controllers\Laporan.php on line 17.
 1 SYSTEMPATH\CodeIgniter.php(913): App\Controllers\Laporan->__construct()
 2 SYSTEMPATH\CodeIgniter.php(493): CodeIgniter\CodeIgniter->createController()
 3 SYSTEMPATH\CodeIgniter.php(361): CodeIgniter\CodeIgniter->handleRequest(null, Object(Config\Cache), false)
 4 FCPATH\index.php(79): CodeIgniter\CodeIgniter->run()
INFO - 2024-02-24 02:33:46 --> Session: Class initialized using 'CodeIgniter\Session\Handlers\FileHandler' driver.
WARNING - 2024-02-24 02:33:46 --> [DEPRECATED] Creation of dynamic property App\Controllers\Laporan::$ModelProduk is deprecated in APPPATH\Controllers\Laporan.php on line 15.
 1 SYSTEMPATH\CodeIgniter.php(913): App\Controllers\Laporan->__construct()
 2 SYSTEMPATH\CodeIgniter.php(493): CodeIgniter\CodeIgniter->createController()
 3 SYSTEMPATH\CodeIgniter.php(361): CodeIgniter\CodeIgniter->handleRequest(null, Object(Config\Cache), false)
 4 FCPATH\index.php(79): CodeIgniter\CodeIgniter->run()
WARNING - 2024-02-24 02:33:46 --> [DEPRECATED] Creation of dynamic property App\Controllers\Laporan::$ModelLaporan is deprecated in APPPATH\Controllers\Laporan.php on line 17.
 1 SYSTEMPATH\CodeIgniter.php(913): App\Controllers\Laporan->__construct()
 2 SYSTEMPATH\CodeIgniter.php(493): CodeIgniter\CodeIgniter->createController()
 3 SYSTEMPATH\CodeIgniter.php(361): CodeIgniter\CodeIgniter->handleRequest(null, Object(Config\Cache), false)
 4 FCPATH\index.php(79): CodeIgniter\CodeIgniter->run()
INFO - 2024-02-24 02:33:46 --> Session: Class initialized using 'CodeIgniter\Session\Handlers\FileHandler' driver.
WARNING - 2024-02-24 02:33:46 --> [DEPRECATED] Creation of dynamic property App\Controllers\Laporan::$ModelProduk is deprecated in APPPATH\Controllers\Laporan.php on line 15.
 1 SYSTEMPATH\CodeIgniter.php(913): App\Controllers\Laporan->__construct()
 2 SYSTEMPATH\CodeIgniter.php(493): CodeIgniter\CodeIgniter->createController()
 3 SYSTEMPATH\CodeIgniter.php(361): CodeIgniter\CodeIgniter->handleRequest(null, Object(Config\Cache), false)
 4 FCPATH\index.php(79): CodeIgniter\CodeIgniter->run()
WARNING - 2024-02-24 02:33:46 --> [DEPRECATED] Creation of dynamic property App\Controllers\Laporan::$ModelLaporan is deprecated in APPPATH\Controllers\Laporan.php on line 17.
 1 SYSTEMPATH\CodeIgniter.php(913): App\Controllers\Laporan->__construct()
 2 SYSTEMPATH\CodeIgniter.php(493): CodeIgniter\CodeIgniter->createController()
 3 SYSTEMPATH\CodeIgniter.php(361): CodeIgniter\CodeIgniter->handleRequest(null, Object(Config\Cache), false)
 4 FCPATH\index.php(79): CodeIgniter\CodeIgniter->run()
INFO - 2024-02-24 02:33:46 --> Session: Class initialized using 'CodeIgniter\Session\Handlers\FileHandler' driver.
WARNING - 2024-02-24 02:33:46 --> [DEPRECATED] Creation of dynamic property App\Controllers\Laporan::$ModelProduk is deprecated in APPPATH\Controllers\Laporan.php on line 15.
 1 SYSTEMPATH\CodeIgniter.php(913): App\Controllers\Laporan->__construct()
 2 SYSTEMPATH\CodeIgniter.php(493): CodeIgniter\CodeIgniter->createController()
 3 SYSTEMPATH\CodeIgniter.php(361): CodeIgniter\CodeIgniter->handleRequest(null, Object(Config\Cache), false)
 4 FCPATH\index.php(79): CodeIgniter\CodeIgniter->run()
WARNING - 2024-02-24 02:33:46 --> [DEPRECATED] Creation of dynamic property App\Controllers\Laporan::$ModelLaporan is deprecated in APPPATH\Controllers\Laporan.php on line 17.
 1 SYSTEMPATH\CodeIgniter.php(913): App\Controllers\Laporan->__construct()
 2 SYSTEMPATH\CodeIgniter.php(493): CodeIgniter\CodeIgniter->createController()
 3 SYSTEMPATH\CodeIgniter.php(361): CodeIgniter\CodeIgniter->handleRequest(null, Object(Config\Cache), false)
 4 FCPATH\index.php(79): CodeIgniter\CodeIgniter->run()
INFO - 2024-02-24 02:33:46 --> Session: Class initialized using 'CodeIgniter\Session\Handlers\FileHandler' driver.
WARNING - 2024-02-24 02:33:46 --> [DEPRECATED] Creation of dynamic property App\Controllers\Laporan::$ModelProduk is deprecated in APPPATH\Controllers\Laporan.php on line 15.
 1 SYSTEMPATH\CodeIgniter.php(913): App\Controllers\Laporan->__construct()
 2 SYSTEMPATH\CodeIgniter.php(493): CodeIgniter\CodeIgniter->createController()
 3 SYSTEMPATH\CodeIgniter.php(361): CodeIgniter\CodeIgniter->handleRequest(null, Object(Config\Cache), false)
 4 FCPATH\index.php(79): CodeIgniter\CodeIgniter->run()
WARNING - 2024-02-24 02:33:46 --> [DEPRECATED] Creation of dynamic property App\Controllers\Laporan::$ModelLaporan is deprecated in APPPATH\Controllers\Laporan.php on line 17.
 1 SYSTEMPATH\CodeIgniter.php(913): App\Controllers\Laporan->__construct()
 2 SYSTEMPATH\CodeIgniter.php(493): CodeIgniter\CodeIgniter->createController()
 3 SYSTEMPATH\CodeIgniter.php(361): CodeIgniter\CodeIgniter->handleRequest(null, Object(Config\Cache), false)
 4 FCPATH\index.php(79): CodeIgniter\CodeIgniter->run()
INFO - 2024-02-24 02:33:46 --> Session: Class initialized using 'CodeIgniter\Session\Handlers\FileHandler' driver.
WARNING - 2024-02-24 02:33:47 --> [DEPRECATED] Creation of dynamic property App\Controllers\Laporan::$ModelProduk is deprecated in APPPATH\Controllers\Laporan.php on line 15.
 1 SYSTEMPATH\CodeIgniter.php(913): App\Controllers\Laporan->__construct()
 2 SYSTEMPATH\CodeIgniter.php(493): CodeIgniter\CodeIgniter->createController()
 3 SYSTEMPATH\CodeIgniter.php(361): CodeIgniter\CodeIgniter->handleRequest(null, Object(Config\Cache), false)
 4 FCPATH\index.php(79): CodeIgniter\CodeIgniter->run()
WARNING - 2024-02-24 02:33:47 --> [DEPRECATED] Creation of dynamic property App\Controllers\Laporan::$ModelLaporan is deprecated in APPPATH\Controllers\Laporan.php on line 17.
 1 SYSTEMPATH\CodeIgniter.php(913): App\Controllers\Laporan->__construct()
 2 SYSTEMPATH\CodeIgniter.php(493): CodeIgniter\CodeIgniter->createController()
 3 SYSTEMPATH\CodeIgniter.php(361): CodeIgniter\CodeIgniter->handleRequest(null, Object(Config\Cache), false)
 4 FCPATH\index.php(79): CodeIgniter\CodeIgniter->run()
INFO - 2024-02-24 02:33:47 --> Session: Class initialized using 'CodeIgniter\Session\Handlers\FileHandler' driver.
WARNING - 2024-02-24 02:33:47 --> [DEPRECATED] Creation of dynamic property App\Controllers\Laporan::$ModelProduk is deprecated in APPPATH\Controllers\Laporan.php on line 15.
 1 SYSTEMPATH\CodeIgniter.php(913): App\Controllers\Laporan->__construct()
 2 SYSTEMPATH\CodeIgniter.php(493): CodeIgniter\CodeIgniter->createController()
 3 SYSTEMPATH\CodeIgniter.php(361): CodeIgniter\CodeIgniter->handleRequest(null, Object(Config\Cache), false)
 4 FCPATH\index.php(79): CodeIgniter\CodeIgniter->run()
WARNING - 2024-02-24 02:33:47 --> [DEPRECATED] Creation of dynamic property App\Controllers\Laporan::$ModelLaporan is deprecated in APPPATH\Controllers\Laporan.php on line 17.
 1 SYSTEMPATH\CodeIgniter.php(913): App\Controllers\Laporan->__construct()
 2 SYSTEMPATH\CodeIgniter.php(493): CodeIgniter\CodeIgniter->createController()
 3 SYSTEMPATH\CodeIgniter.php(361): CodeIgniter\CodeIgniter->handleRequest(null, Object(Config\Cache), false)
 4 FCPATH\index.php(79): CodeIgniter\CodeIgniter->run()
INFO - 2024-02-24 02:33:50 --> Session: Class initialized using 'CodeIgniter\Session\Handlers\FileHandler' driver.
WARNING - 2024-02-24 02:33:50 --> [DEPRECATED] Creation of dynamic property App\Controllers\Laporan::$ModelProduk is deprecated in APPPATH\Controllers\Laporan.php on line 15.
 1 SYSTEMPATH\CodeIgniter.php(913): App\Controllers\Laporan->__construct()
 2 SYSTEMPATH\CodeIgniter.php(493): CodeIgniter\CodeIgniter->createController()
 3 SYSTEMPATH\CodeIgniter.php(361): CodeIgniter\CodeIgniter->handleRequest(null, Object(Config\Cache), false)
 4 FCPATH\index.php(79): CodeIgniter\CodeIgniter->run()
WARNING - 2024-02-24 02:33:50 --> [DEPRECATED] Creation of dynamic property App\Controllers\Laporan::$ModelLaporan is deprecated in APPPATH\Controllers\Laporan.php on line 17.
 1 SYSTEMPATH\CodeIgniter.php(913): App\Controllers\Laporan->__construct()
 2 SYSTEMPATH\CodeIgniter.php(493): CodeIgniter\CodeIgniter->createController()
 3 SYSTEMPATH\CodeIgniter.php(361): CodeIgniter\CodeIgniter->handleRequest(null, Object(Config\Cache), false)
 4 FCPATH\index.php(79): CodeIgniter\CodeIgniter->run()
INFO - 2024-02-24 02:34:00 --> Session: Class initialized using 'CodeIgniter\Session\Handlers\FileHandler' driver.
WARNING - 2024-02-24 02:34:00 --> [DEPRECATED] Creation of dynamic property App\Controllers\Laporan::$ModelProduk is deprecated in APPPATH\Controllers\Laporan.php on line 15.
 1 SYSTEMPATH\CodeIgniter.php(913): App\Controllers\Laporan->__construct()
 2 SYSTEMPATH\CodeIgniter.php(493): CodeIgniter\CodeIgniter->createController()
 3 SYSTEMPATH\CodeIgniter.php(361): CodeIgniter\CodeIgniter->handleRequest(null, Object(Config\Cache), false)
 4 FCPATH\index.php(79): CodeIgniter\CodeIgniter->run()
CRITICAL - 2024-02-24 02:34:00 --> Error: Class "App\Models\ModelAdmin" not found
in APPPATH\Controllers\Laporan.php on line 16.
 1 SYSTEMPATH\CodeIgniter.php(913): App\Controllers\Laporan->__construct()
 2 SYSTEMPATH\CodeIgniter.php(493): CodeIgniter\CodeIgniter->createController()
 3 SYSTEMPATH\CodeIgniter.php(361): CodeIgniter\CodeIgniter->handleRequest(null, Object(Config\Cache), false)
 4 FCPATH\index.php(79): CodeIgniter\CodeIgniter->run()
WARNING - 2024-02-24 02:34:26 --> [DEPRECATED] Creation of dynamic property App\Controllers\Home::$ModelUser is deprecated in APPPATH\Controllers\Home.php on line 10.
 1 SYSTEMPATH\CodeIgniter.php(913): App\Controllers\Home->__construct()
 2 SYSTEMPATH\CodeIgniter.php(493): CodeIgniter\CodeIgniter->createController()
 3 SYSTEMPATH\CodeIgniter.php(361): CodeIgniter\CodeIgniter->handleRequest(null, Object(Config\Cache), false)
 4 FCPATH\index.php(79): CodeIgniter\CodeIgniter->run()
INFO - 2024-02-24 02:34:26 --> Session: Class initialized using 'CodeIgniter\Session\Handlers\FileHandler' driver.
WARNING - 2024-02-24 02:34:32 --> [DEPRECATED] Creation of dynamic property App\Controllers\Home::$ModelUser is deprecated in APPPATH\Controllers\Home.php on line 10.
 1 SYSTEMPATH\CodeIgniter.php(913): App\Controllers\Home->__construct()
 2 SYSTEMPATH\CodeIgniter.php(493): CodeIgniter\CodeIgniter->createController()
 3 SYSTEMPATH\CodeIgniter.php(361): CodeIgniter\CodeIgniter->handleRequest(null, Object(Config\Cache), false)
 4 FCPATH\index.php(79): CodeIgniter\CodeIgniter->run()
INFO - 2024-02-24 02:34:34 --> Session: Class initialized using 'CodeIgniter\Session\Handlers\FileHandler' driver.
INFO - 2024-02-24 02:34:34 --> Session: Class initialized using 'CodeIgniter\Session\Handlers\FileHandler' driver.
INFO - 2024-02-24 02:34:38 --> Session: Class initialized using 'CodeIgniter\Session\Handlers\FileHandler' driver.
WARNING - 2024-02-24 02:34:38 --> [DEPRECATED] Creation of dynamic property App\Controllers\Penjualan::$ModelPenjualan is deprecated in APPPATH\Controllers\Penjualan.php on line 12.
 1 SYSTEMPATH\CodeIgniter.php(913): App\Controllers\Penjualan->__construct()
 2 SYSTEMPATH\CodeIgniter.php(493): CodeIgniter\CodeIgniter->createController()
 3 SYSTEMPATH\CodeIgniter.php(361): CodeIgniter\CodeIgniter->handleRequest(null, Object(Config\Cache), false)
 4 FCPATH\index.php(79): CodeIgniter\CodeIgniter->run()
INFO - 2024-02-24 02:34:38 --> Cart Class Initialized
INFO - 2024-02-24 02:35:02 --> Session: Class initialized using 'CodeIgniter\Session\Handlers\FileHandler' driver.
WARNING - 2024-02-24 02:35:02 --> [DEPRECATED] Creation of dynamic property App\Controllers\Penjualan::$ModelPenjualan is deprecated in APPPATH\Controllers\Penjualan.php on line 12.
 1 SYSTEMPATH\CodeIgniter.php(913): App\Controllers\Penjualan->__construct()
 2 SYSTEMPATH\CodeIgniter.php(493): CodeIgniter\CodeIgniter->createController()
 3 SYSTEMPATH\CodeIgniter.php(361): CodeIgniter\CodeIgniter->handleRequest(null, Object(Config\Cache), false)
 4 FCPATH\index.php(79): CodeIgniter\CodeIgniter->run()
INFO - 2024-02-24 02:35:03 --> Session: Class initialized using 'CodeIgniter\Session\Handlers\FileHandler' driver.
WARNING - 2024-02-24 02:35:03 --> [DEPRECATED] Creation of dynamic property App\Controllers\Penjualan::$ModelPenjualan is deprecated in APPPATH\Controllers\Penjualan.php on line 12.
 1 SYSTEMPATH\CodeIgniter.php(913): App\Controllers\Penjualan->__construct()
 2 SYSTEMPATH\CodeIgniter.php(493): CodeIgniter\CodeIgniter->createController()
 3 SYSTEMPATH\CodeIgniter.php(361): CodeIgniter\CodeIgniter->handleRequest(null, Object(Config\Cache), false)
 4 FCPATH\index.php(79): CodeIgniter\CodeIgniter->run()
INFO - 2024-02-24 02:35:03 --> Cart Class Initialized
INFO - 2024-02-24 02:35:03 --> Session: Class initialized using 'CodeIgniter\Session\Handlers\FileHandler' driver.
WARNING - 2024-02-24 02:35:03 --> [DEPRECATED] Creation of dynamic property App\Controllers\Penjualan::$ModelPenjualan is deprecated in APPPATH\Controllers\Penjualan.php on line 12.
 1 SYSTEMPATH\CodeIgniter.php(913): App\Controllers\Penjualan->__construct()
 2 SYSTEMPATH\CodeIgniter.php(493): CodeIgniter\CodeIgniter->createController()
 3 SYSTEMPATH\CodeIgniter.php(361): CodeIgniter\CodeIgniter->handleRequest(null, Object(Config\Cache), false)
 4 FCPATH\index.php(79): CodeIgniter\CodeIgniter->run()
INFO - 2024-02-24 02:35:03 --> Cart Class Initialized
INFO - 2024-02-24 02:35:14 --> Session: Class initialized using 'CodeIgniter\Session\Handlers\FileHandler' driver.
WARNING - 2024-02-24 02:35:14 --> [DEPRECATED] Creation of dynamic property App\Controllers\Penjualan::$ModelPenjualan is deprecated in APPPATH\Controllers\Penjualan.php on line 12.
 1 SYSTEMPATH\CodeIgniter.php(913): App\Controllers\Penjualan->__construct()
 2 SYSTEMPATH\CodeIgniter.php(493): CodeIgniter\CodeIgniter->createController()
 3 SYSTEMPATH\CodeIgniter.php(361): CodeIgniter\CodeIgniter->handleRequest(null, Object(Config\Cache), false)
 4 FCPATH\index.php(79): CodeIgniter\CodeIgniter->run()
INFO - 2024-02-24 02:35:14 --> Cart Class Initialized
INFO - 2024-02-24 02:35:14 --> Session: Class initialized using 'CodeIgniter\Session\Handlers\FileHandler' driver.
WARNING - 2024-02-24 02:35:14 --> [DEPRECATED] Creation of dynamic property App\Controllers\Penjualan::$ModelPenjualan is deprecated in APPPATH\Controllers\Penjualan.php on line 12.
 1 SYSTEMPATH\CodeIgniter.php(913): App\Controllers\Penjualan->__construct()
 2 SYSTEMPATH\CodeIgniter.php(493): CodeIgniter\CodeIgniter->createController()
 3 SYSTEMPATH\CodeIgniter.php(361): CodeIgniter\CodeIgniter->handleRequest(null, Object(Config\Cache), false)
 4 FCPATH\index.php(79): CodeIgniter\CodeIgniter->run()
INFO - 2024-02-24 02:35:14 --> Cart Class Initialized
INFO - 2024-02-24 02:35:40 --> Session: Class initialized using 'CodeIgniter\Session\Handlers\FileHandler' driver.
INFO - 2024-02-24 02:35:43 --> Session: Class initialized using 'CodeIgniter\Session\Handlers\FileHandler' driver.
WARNING - 2024-02-24 02:35:43 --> [DEPRECATED] Creation of dynamic property App\Controllers\Penjualan::$ModelPenjualan is deprecated in APPPATH\Controllers\Penjualan.php on line 12.
 1 SYSTEMPATH\CodeIgniter.php(913): App\Controllers\Penjualan->__construct()
 2 SYSTEMPATH\CodeIgniter.php(493): CodeIgniter\CodeIgniter->createController()
 3 SYSTEMPATH\CodeIgniter.php(361): CodeIgniter\CodeIgniter->handleRequest(null, Object(Config\Cache), false)
 4 FCPATH\index.php(79): CodeIgniter\CodeIgniter->run()
INFO - 2024-02-24 02:35:43 --> Cart Class Initialized
INFO - 2024-02-24 02:35:51 --> Session: Class initialized using 'CodeIgniter\Session\Handlers\FileHandler' driver.
WARNING - 2024-02-24 02:35:51 --> [DEPRECATED] Creation of dynamic property App\Controllers\Penjualan::$ModelPenjualan is deprecated in APPPATH\Controllers\Penjualan.php on line 12.
 1 SYSTEMPATH\CodeIgniter.php(913): App\Controllers\Penjualan->__construct()
 2 SYSTEMPATH\CodeIgniter.php(493): CodeIgniter\CodeIgniter->createController()
 3 SYSTEMPATH\CodeIgniter.php(361): CodeIgniter\CodeIgniter->handleRequest(null, Object(Config\Cache), false)
 4 FCPATH\index.php(79): CodeIgniter\CodeIgniter->run()
INFO - 2024-02-24 02:36:32 --> Session: Class initialized using 'CodeIgniter\Session\Handlers\FileHandler' driver.
INFO - 2024-02-24 02:36:34 --> Session: Class initialized using 'CodeIgniter\Session\Handlers\FileHandler' driver.
WARNING - 2024-02-24 02:36:34 --> [DEPRECATED] Creation of dynamic property App\Controllers\Penjualan::$ModelPenjualan is deprecated in APPPATH\Controllers\Penjualan.php on line 12.
 1 SYSTEMPATH\CodeIgniter.php(913): App\Controllers\Penjualan->__construct()
 2 SYSTEMPATH\CodeIgniter.php(493): CodeIgniter\CodeIgniter->createController()
 3 SYSTEMPATH\CodeIgniter.php(361): CodeIgniter\CodeIgniter->handleRequest(null, Object(Config\Cache), false)
 4 FCPATH\index.php(79): CodeIgniter\CodeIgniter->run()
INFO - 2024-02-24 02:36:34 --> Cart Class Initialized
INFO - 2024-02-24 02:36:40 --> Session: Class initialized using 'CodeIgniter\Session\Handlers\FileHandler' driver.
WARNING - 2024-02-24 02:36:40 --> [DEPRECATED] Creation of dynamic property App\Controllers\Penjualan::$ModelPenjualan is deprecated in APPPATH\Controllers\Penjualan.php on line 12.
 1 SYSTEMPATH\CodeIgniter.php(913): App\Controllers\Penjualan->__construct()
 2 SYSTEMPATH\CodeIgniter.php(493): CodeIgniter\CodeIgniter->createController()
 3 SYSTEMPATH\CodeIgniter.php(361): CodeIgniter\CodeIgniter->handleRequest(null, Object(Config\Cache), false)
 4 FCPATH\index.php(79): CodeIgniter\CodeIgniter->run()
INFO - 2024-02-24 02:36:40 --> Cart Class Initialized
INFO - 2024-02-24 02:51:26 --> Session: Class initialized using 'CodeIgniter\Session\Handlers\FileHandler' driver.
WARNING - 2024-02-24 02:51:26 --> [DEPRECATED] Creation of dynamic property App\Controllers\Laporan::$ModelProduk is deprecated in APPPATH\Controllers\Laporan.php on line 15.
 1 SYSTEMPATH\CodeIgniter.php(913): App\Controllers\Laporan->__construct()
 2 SYSTEMPATH\CodeIgniter.php(493): CodeIgniter\CodeIgniter->createController()
 3 SYSTEMPATH\CodeIgniter.php(361): CodeIgniter\CodeIgniter->handleRequest(null, Object(Config\Cache), false)
 4 FCPATH\index.php(79): CodeIgniter\CodeIgniter->run()
CRITICAL - 2024-02-24 02:51:26 --> Error: Class "App\Models\ModelAdmin" not found
in APPPATH\Controllers\Laporan.php on line 16.
 1 SYSTEMPATH\CodeIgniter.php(913): App\Controllers\Laporan->__construct()
 2 SYSTEMPATH\CodeIgniter.php(493): CodeIgniter\CodeIgniter->createController()
 3 SYSTEMPATH\CodeIgniter.php(361): CodeIgniter\CodeIgniter->handleRequest(null, Object(Config\Cache), false)
 4 FCPATH\index.php(79): CodeIgniter\CodeIgniter->run()
INFO - 2024-02-24 02:51:55 --> Session: Class initialized using 'CodeIgniter\Session\Handlers\FileHandler' driver.
WARNING - 2024-02-24 02:51:55 --> [DEPRECATED] Creation of dynamic property App\Controllers\Laporan::$ModelProduk is deprecated in APPPATH\Controllers\Laporan.php on line 14.
 1 SYSTEMPATH\CodeIgniter.php(913): App\Controllers\Laporan->__construct()
 2 SYSTEMPATH\CodeIgniter.php(493): CodeIgniter\CodeIgniter->createController()
 3 SYSTEMPATH\CodeIgniter.php(361): CodeIgniter\CodeIgniter->handleRequest(null, Object(Config\Cache), false)
 4 FCPATH\index.php(79): CodeIgniter\CodeIgniter->run()
WARNING - 2024-02-24 02:51:55 --> [DEPRECATED] Creation of dynamic property App\Controllers\Laporan::$ModelLaporan is deprecated in APPPATH\Controllers\Laporan.php on line 15.
 1 SYSTEMPATH\CodeIgniter.php(913): App\Controllers\Laporan->__construct()
 2 SYSTEMPATH\CodeIgniter.php(493): CodeIgniter\CodeIgniter->createController()
 3 SYSTEMPATH\CodeIgniter.php(361): CodeIgniter\CodeIgniter->handleRequest(null, Object(Config\Cache), false)
 4 FCPATH\index.php(79): CodeIgniter\CodeIgniter->run()
INFO - 2024-02-24 03:12:40 --> Session: Class initialized using 'CodeIgniter\Session\Handlers\FileHandler' driver.
WARNING - 2024-02-24 03:12:40 --> [DEPRECATED] Creation of dynamic property App\Controllers\Laporan::$ModelProduk is deprecated in APPPATH\Controllers\Laporan.php on line 14.
 1 SYSTEMPATH\CodeIgniter.php(913): App\Controllers\Laporan->__construct()
 2 SYSTEMPATH\CodeIgniter.php(493): CodeIgniter\CodeIgniter->createController()
 3 SYSTEMPATH\CodeIgniter.php(361): CodeIgniter\CodeIgniter->handleRequest(null, Object(Config\Cache), false)
 4 FCPATH\index.php(79): CodeIgniter\CodeIgniter->run()
WARNING - 2024-02-24 03:12:40 --> [DEPRECATED] Creation of dynamic property App\Controllers\Laporan::$ModelLaporan is deprecated in APPPATH\Controllers\Laporan.php on line 15.
 1 SYSTEMPATH\CodeIgniter.php(913): App\Controllers\Laporan->__construct()
 2 SYSTEMPATH\CodeIgniter.php(493): CodeIgniter\CodeIgniter->createController()
 3 SYSTEMPATH\CodeIgniter.php(361): CodeIgniter\CodeIgniter->handleRequest(null, Object(Config\Cache), false)
 4 FCPATH\index.php(79): CodeIgniter\CodeIgniter->run()
WARNING - 2024-02-24 03:12:52 --> [DEPRECATED] Creation of dynamic property App\Controllers\Home::$ModelUser is deprecated in APPPATH\Controllers\Home.php on line 10.
 1 SYSTEMPATH\CodeIgniter.php(913): App\Controllers\Home->__construct()
 2 SYSTEMPATH\CodeIgniter.php(493): CodeIgniter\CodeIgniter->createController()
 3 SYSTEMPATH\CodeIgniter.php(361): CodeIgniter\CodeIgniter->handleRequest(null, Object(Config\Cache), false)
 4 FCPATH\index.php(79): CodeIgniter\CodeIgniter->run()
INFO - 2024-02-24 03:12:52 --> Session: Class initialized using 'CodeIgniter\Session\Handlers\FileHandler' driver.
WARNING - 2024-02-24 03:12:57 --> [DEPRECATED] Creation of dynamic property App\Controllers\Home::$ModelUser is deprecated in APPPATH\Controllers\Home.php on line 10.
 1 SYSTEMPATH\CodeIgniter.php(913): App\Controllers\Home->__construct()
 2 SYSTEMPATH\CodeIgniter.php(493): CodeIgniter\CodeIgniter->createController()
 3 SYSTEMPATH\CodeIgniter.php(361): CodeIgniter\CodeIgniter->handleRequest(null, Object(Config\Cache), false)
 4 FCPATH\index.php(79): CodeIgniter\CodeIgniter->run()
INFO - 2024-02-24 03:12:57 --> Session: Class initialized using 'CodeIgniter\Session\Handlers\FileHandler' driver.
INFO - 2024-02-24 03:12:57 --> Session: Class initialized using 'CodeIgniter\Session\Handlers\FileHandler' driver.
INFO - 2024-02-24 03:13:04 --> Session: Class initialized using 'CodeIgniter\Session\Handlers\FileHandler' driver.
WARNING - 2024-02-24 03:13:04 --> [DEPRECATED] Creation of dynamic property App\Controllers\Laporan::$ModelProduk is deprecated in APPPATH\Controllers\Laporan.php on line 14.
 1 SYSTEMPATH\CodeIgniter.php(913): App\Controllers\Laporan->__construct()
 2 SYSTEMPATH\CodeIgniter.php(493): CodeIgniter\CodeIgniter->createController()
 3 SYSTEMPATH\CodeIgniter.php(361): CodeIgniter\CodeIgniter->handleRequest(null, Object(Config\Cache), false)
 4 FCPATH\index.php(79): CodeIgniter\CodeIgniter->run()
WARNING - 2024-02-24 03:13:04 --> [DEPRECATED] Creation of dynamic property App\Controllers\Laporan::$ModelLaporan is deprecated in APPPATH\Controllers\Laporan.php on line 15.
 1 SYSTEMPATH\CodeIgniter.php(913): App\Controllers\Laporan->__construct()
 2 SYSTEMPATH\CodeIgniter.php(493): CodeIgniter\CodeIgniter->createController()
 3 SYSTEMPATH\CodeIgniter.php(361): CodeIgniter\CodeIgniter->handleRequest(null, Object(Config\Cache), false)
 4 FCPATH\index.php(79): CodeIgniter\CodeIgniter->run()
INFO - 2024-02-24 03:13:13 --> Session: Class initialized using 'CodeIgniter\Session\Handlers\FileHandler' driver.
WARNING - 2024-02-24 03:13:13 --> [DEPRECATED] Creation of dynamic property App\Controllers\Laporan::$ModelProduk is deprecated in APPPATH\Controllers\Laporan.php on line 14.
 1 SYSTEMPATH\CodeIgniter.php(913): App\Controllers\Laporan->__construct()
 2 SYSTEMPATH\CodeIgniter.php(493): CodeIgniter\CodeIgniter->createController()
 3 SYSTEMPATH\CodeIgniter.php(361): CodeIgniter\CodeIgniter->handleRequest(null, Object(Config\Cache), false)
 4 FCPATH\index.php(79): CodeIgniter\CodeIgniter->run()
WARNING - 2024-02-24 03:13:13 --> [DEPRECATED] Creation of dynamic property App\Controllers\Laporan::$ModelLaporan is deprecated in APPPATH\Controllers\Laporan.php on line 15.
 1 SYSTEMPATH\CodeIgniter.php(913): App\Controllers\Laporan->__construct()
 2 SYSTEMPATH\CodeIgniter.php(493): CodeIgniter\CodeIgniter->createController()
 3 SYSTEMPATH\CodeIgniter.php(361): CodeIgniter\CodeIgniter->handleRequest(null, Object(Config\Cache), false)
 4 FCPATH\index.php(79): CodeIgniter\CodeIgniter->run()
INFO - 2024-02-24 03:13:15 --> Session: Class initialized using 'CodeIgniter\Session\Handlers\FileHandler' driver.
WARNING - 2024-02-24 03:13:15 --> [DEPRECATED] Creation of dynamic property App\Controllers\Laporan::$ModelProduk is deprecated in APPPATH\Controllers\Laporan.php on line 14.
 1 SYSTEMPATH\CodeIgniter.php(913): App\Controllers\Laporan->__construct()
 2 SYSTEMPATH\CodeIgniter.php(493): CodeIgniter\CodeIgniter->createController()
 3 SYSTEMPATH\CodeIgniter.php(361): CodeIgniter\CodeIgniter->handleRequest(null, Object(Config\Cache), false)
 4 FCPATH\index.php(79): CodeIgniter\CodeIgniter->run()
WARNING - 2024-02-24 03:13:15 --> [DEPRECATED] Creation of dynamic property App\Controllers\Laporan::$ModelLaporan is deprecated in APPPATH\Controllers\Laporan.php on line 15.
 1 SYSTEMPATH\CodeIgniter.php(913): App\Controllers\Laporan->__construct()
 2 SYSTEMPATH\CodeIgniter.php(493): CodeIgniter\CodeIgniter->createController()
 3 SYSTEMPATH\CodeIgniter.php(361): CodeIgniter\CodeIgniter->handleRequest(null, Object(Config\Cache), false)
 4 FCPATH\index.php(79): CodeIgniter\CodeIgniter->run()
INFO - 2024-02-24 03:13:16 --> Session: Class initialized using 'CodeIgniter\Session\Handlers\FileHandler' driver.
WARNING - 2024-02-24 03:13:16 --> [DEPRECATED] Creation of dynamic property App\Controllers\Laporan::$ModelProduk is deprecated in APPPATH\Controllers\Laporan.php on line 14.
 1 SYSTEMPATH\CodeIgniter.php(913): App\Controllers\Laporan->__construct()
 2 SYSTEMPATH\CodeIgniter.php(493): CodeIgniter\CodeIgniter->createController()
 3 SYSTEMPATH\CodeIgniter.php(361): CodeIgniter\CodeIgniter->handleRequest(null, Object(Config\Cache), false)
 4 FCPATH\index.php(79): CodeIgniter\CodeIgniter->run()
WARNING - 2024-02-24 03:13:16 --> [DEPRECATED] Creation of dynamic property App\Controllers\Laporan::$ModelLaporan is deprecated in APPPATH\Controllers\Laporan.php on line 15.
 1 SYSTEMPATH\CodeIgniter.php(913): App\Controllers\Laporan->__construct()
 2 SYSTEMPATH\CodeIgniter.php(493): CodeIgniter\CodeIgniter->createController()
 3 SYSTEMPATH\CodeIgniter.php(361): CodeIgniter\CodeIgniter->handleRequest(null, Object(Config\Cache), false)
 4 FCPATH\index.php(79): CodeIgniter\CodeIgniter->run()
INFO - 2024-02-24 03:13:16 --> Session: Class initialized using 'CodeIgniter\Session\Handlers\FileHandler' driver.
WARNING - 2024-02-24 03:13:16 --> [DEPRECATED] Creation of dynamic property App\Controllers\Laporan::$ModelProduk is deprecated in APPPATH\Controllers\Laporan.php on line 14.
 1 SYSTEMPATH\CodeIgniter.php(913): App\Controllers\Laporan->__construct()
 2 SYSTEMPATH\CodeIgniter.php(493): CodeIgniter\CodeIgniter->createController()
 3 SYSTEMPATH\CodeIgniter.php(361): CodeIgniter\CodeIgniter->handleRequest(null, Object(Config\Cache), false)
 4 FCPATH\index.php(79): CodeIgniter\CodeIgniter->run()
WARNING - 2024-02-24 03:13:16 --> [DEPRECATED] Creation of dynamic property App\Controllers\Laporan::$ModelLaporan is deprecated in APPPATH\Controllers\Laporan.php on line 15.
 1 SYSTEMPATH\CodeIgniter.php(913): App\Controllers\Laporan->__construct()
 2 SYSTEMPATH\CodeIgniter.php(493): CodeIgniter\CodeIgniter->createController()
 3 SYSTEMPATH\CodeIgniter.php(361): CodeIgniter\CodeIgniter->handleRequest(null, Object(Config\Cache), false)
 4 FCPATH\index.php(79): CodeIgniter\CodeIgniter->run()
INFO - 2024-02-24 03:13:16 --> Session: Class initialized using 'CodeIgniter\Session\Handlers\FileHandler' driver.
WARNING - 2024-02-24 03:13:16 --> [DEPRECATED] Creation of dynamic property App\Controllers\Laporan::$ModelProduk is deprecated in APPPATH\Controllers\Laporan.php on line 14.
 1 SYSTEMPATH\CodeIgniter.php(913): App\Controllers\Laporan->__construct()
 2 SYSTEMPATH\CodeIgniter.php(493): CodeIgniter\CodeIgniter->createController()
 3 SYSTEMPATH\CodeIgniter.php(361): CodeIgniter\CodeIgniter->handleRequest(null, Object(Config\Cache), false)
 4 FCPATH\index.php(79): CodeIgniter\CodeIgniter->run()
WARNING - 2024-02-24 03:13:16 --> [DEPRECATED] Creation of dynamic property App\Controllers\Laporan::$ModelLaporan is deprecated in APPPATH\Controllers\Laporan.php on line 15.
 1 SYSTEMPATH\CodeIgniter.php(913): App\Controllers\Laporan->__construct()
 2 SYSTEMPATH\CodeIgniter.php(493): CodeIgniter\CodeIgniter->createController()
 3 SYSTEMPATH\CodeIgniter.php(361): CodeIgniter\CodeIgniter->handleRequest(null, Object(Config\Cache), false)
 4 FCPATH\index.php(79): CodeIgniter\CodeIgniter->run()
INFO - 2024-02-24 03:13:16 --> Session: Class initialized using 'CodeIgniter\Session\Handlers\FileHandler' driver.
WARNING - 2024-02-24 03:13:16 --> [DEPRECATED] Creation of dynamic property App\Controllers\Laporan::$ModelProduk is deprecated in APPPATH\Controllers\Laporan.php on line 14.
 1 SYSTEMPATH\CodeIgniter.php(913): App\Controllers\Laporan->__construct()
 2 SYSTEMPATH\CodeIgniter.php(493): CodeIgniter\CodeIgniter->createController()
 3 SYSTEMPATH\CodeIgniter.php(361): CodeIgniter\CodeIgniter->handleRequest(null, Object(Config\Cache), false)
 4 FCPATH\index.php(79): CodeIgniter\CodeIgniter->run()
WARNING - 2024-02-24 03:13:16 --> [DEPRECATED] Creation of dynamic property App\Controllers\Laporan::$ModelLaporan is deprecated in APPPATH\Controllers\Laporan.php on line 15.
 1 SYSTEMPATH\CodeIgniter.php(913): App\Controllers\Laporan->__construct()
 2 SYSTEMPATH\CodeIgniter.php(493): CodeIgniter\CodeIgniter->createController()
 3 SYSTEMPATH\CodeIgniter.php(361): CodeIgniter\CodeIgniter->handleRequest(null, Object(Config\Cache), false)
 4 FCPATH\index.php(79): CodeIgniter\CodeIgniter->run()
INFO - 2024-02-24 03:13:16 --> Session: Class initialized using 'CodeIgniter\Session\Handlers\FileHandler' driver.
WARNING - 2024-02-24 03:13:17 --> [DEPRECATED] Creation of dynamic property App\Controllers\Laporan::$ModelProduk is deprecated in APPPATH\Controllers\Laporan.php on line 14.
 1 SYSTEMPATH\CodeIgniter.php(913): App\Controllers\Laporan->__construct()
 2 SYSTEMPATH\CodeIgniter.php(493): CodeIgniter\CodeIgniter->createController()
 3 SYSTEMPATH\CodeIgniter.php(361): CodeIgniter\CodeIgniter->handleRequest(null, Object(Config\Cache), false)
 4 FCPATH\index.php(79): CodeIgniter\CodeIgniter->run()
WARNING - 2024-02-24 03:13:17 --> [DEPRECATED] Creation of dynamic property App\Controllers\Laporan::$ModelLaporan is deprecated in APPPATH\Controllers\Laporan.php on line 15.
 1 SYSTEMPATH\CodeIgniter.php(913): App\Controllers\Laporan->__construct()
 2 SYSTEMPATH\CodeIgniter.php(493): CodeIgniter\CodeIgniter->createController()
 3 SYSTEMPATH\CodeIgniter.php(361): CodeIgniter\CodeIgniter->handleRequest(null, Object(Config\Cache), false)
 4 FCPATH\index.php(79): CodeIgniter\CodeIgniter->run()
INFO - 2024-02-24 03:13:17 --> Session: Class initialized using 'CodeIgniter\Session\Handlers\FileHandler' driver.
WARNING - 2024-02-24 03:13:17 --> [DEPRECATED] Creation of dynamic property App\Controllers\Laporan::$ModelProduk is deprecated in APPPATH\Controllers\Laporan.php on line 14.
 1 SYSTEMPATH\CodeIgniter.php(913): App\Controllers\Laporan->__construct()
 2 SYSTEMPATH\CodeIgniter.php(493): CodeIgniter\CodeIgniter->createController()
 3 SYSTEMPATH\CodeIgniter.php(361): CodeIgniter\CodeIgniter->handleRequest(null, Object(Config\Cache), false)
 4 FCPATH\index.php(79): CodeIgniter\CodeIgniter->run()
WARNING - 2024-02-24 03:13:17 --> [DEPRECATED] Creation of dynamic property App\Controllers\Laporan::$ModelLaporan is deprecated in APPPATH\Controllers\Laporan.php on line 15.
 1 SYSTEMPATH\CodeIgniter.php(913): App\Controllers\Laporan->__construct()
 2 SYSTEMPATH\CodeIgniter.php(493): CodeIgniter\CodeIgniter->createController()
 3 SYSTEMPATH\CodeIgniter.php(361): CodeIgniter\CodeIgniter->handleRequest(null, Object(Config\Cache), false)
 4 FCPATH\index.php(79): CodeIgniter\CodeIgniter->run()
INFO - 2024-02-24 03:13:17 --> Session: Class initialized using 'CodeIgniter\Session\Handlers\FileHandler' driver.
WARNING - 2024-02-24 03:13:17 --> [DEPRECATED] Creation of dynamic property App\Controllers\Laporan::$ModelProduk is deprecated in APPPATH\Controllers\Laporan.php on line 14.
 1 SYSTEMPATH\CodeIgniter.php(913): App\Controllers\Laporan->__construct()
 2 SYSTEMPATH\CodeIgniter.php(493): CodeIgniter\CodeIgniter->createController()
 3 SYSTEMPATH\CodeIgniter.php(361): CodeIgniter\CodeIgniter->handleRequest(null, Object(Config\Cache), false)
 4 FCPATH\index.php(79): CodeIgniter\CodeIgniter->run()
WARNING - 2024-02-24 03:13:17 --> [DEPRECATED] Creation of dynamic property App\Controllers\Laporan::$ModelLaporan is deprecated in APPPATH\Controllers\Laporan.php on line 15.
 1 SYSTEMPATH\CodeIgniter.php(913): App\Controllers\Laporan->__construct()
 2 SYSTEMPATH\CodeIgniter.php(493): CodeIgniter\CodeIgniter->createController()
 3 SYSTEMPATH\CodeIgniter.php(361): CodeIgniter\CodeIgniter->handleRequest(null, Object(Config\Cache), false)
 4 FCPATH\index.php(79): CodeIgniter\CodeIgniter->run()
INFO - 2024-02-24 03:13:17 --> Session: Class initialized using 'CodeIgniter\Session\Handlers\FileHandler' driver.
WARNING - 2024-02-24 03:13:17 --> [DEPRECATED] Creation of dynamic property App\Controllers\Laporan::$ModelProduk is deprecated in APPPATH\Controllers\Laporan.php on line 14.
 1 SYSTEMPATH\CodeIgniter.php(913): App\Controllers\Laporan->__construct()
 2 SYSTEMPATH\CodeIgniter.php(493): CodeIgniter\CodeIgniter->createController()
 3 SYSTEMPATH\CodeIgniter.php(361): CodeIgniter\CodeIgniter->handleRequest(null, Object(Config\Cache), false)
 4 FCPATH\index.php(79): CodeIgniter\CodeIgniter->run()
WARNING - 2024-02-24 03:13:17 --> [DEPRECATED] Creation of dynamic property App\Controllers\Laporan::$ModelLaporan is deprecated in APPPATH\Controllers\Laporan.php on line 15.
 1 SYSTEMPATH\CodeIgniter.php(913): App\Controllers\Laporan->__construct()
 2 SYSTEMPATH\CodeIgniter.php(493): CodeIgniter\CodeIgniter->createController()
 3 SYSTEMPATH\CodeIgniter.php(361): CodeIgniter\CodeIgniter->handleRequest(null, Object(Config\Cache), false)
 4 FCPATH\index.php(79): CodeIgniter\CodeIgniter->run()
INFO - 2024-02-24 03:13:17 --> Session: Class initialized using 'CodeIgniter\Session\Handlers\FileHandler' driver.
WARNING - 2024-02-24 03:13:17 --> [DEPRECATED] Creation of dynamic property App\Controllers\Laporan::$ModelProduk is deprecated in APPPATH\Controllers\Laporan.php on line 14.
 1 SYSTEMPATH\CodeIgniter.php(913): App\Controllers\Laporan->__construct()
 2 SYSTEMPATH\CodeIgniter.php(493): CodeIgniter\CodeIgniter->createController()
 3 SYSTEMPATH\CodeIgniter.php(361): CodeIgniter\CodeIgniter->handleRequest(null, Object(Config\Cache), false)
 4 FCPATH\index.php(79): CodeIgniter\CodeIgniter->run()
WARNING - 2024-02-24 03:13:17 --> [DEPRECATED] Creation of dynamic property App\Controllers\Laporan::$ModelLaporan is deprecated in APPPATH\Controllers\Laporan.php on line 15.
 1 SYSTEMPATH\CodeIgniter.php(913): App\Controllers\Laporan->__construct()
 2 SYSTEMPATH\CodeIgniter.php(493): CodeIgniter\CodeIgniter->createController()
 3 SYSTEMPATH\CodeIgniter.php(361): CodeIgniter\CodeIgniter->handleRequest(null, Object(Config\Cache), false)
 4 FCPATH\index.php(79): CodeIgniter\CodeIgniter->run()
INFO - 2024-02-24 03:13:17 --> Session: Class initialized using 'CodeIgniter\Session\Handlers\FileHandler' driver.
WARNING - 2024-02-24 03:13:18 --> [DEPRECATED] Creation of dynamic property App\Controllers\Laporan::$ModelProduk is deprecated in APPPATH\Controllers\Laporan.php on line 14.
 1 SYSTEMPATH\CodeIgniter.php(913): App\Controllers\Laporan->__construct()
 2 SYSTEMPATH\CodeIgniter.php(493): CodeIgniter\CodeIgniter->createController()
 3 SYSTEMPATH\CodeIgniter.php(361): CodeIgniter\CodeIgniter->handleRequest(null, Object(Config\Cache), false)
 4 FCPATH\index.php(79): CodeIgniter\CodeIgniter->run()
WARNING - 2024-02-24 03:13:18 --> [DEPRECATED] Creation of dynamic property App\Controllers\Laporan::$ModelLaporan is deprecated in APPPATH\Controllers\Laporan.php on line 15.
 1 SYSTEMPATH\CodeIgniter.php(913): App\Controllers\Laporan->__construct()
 2 SYSTEMPATH\CodeIgniter.php(493): CodeIgniter\CodeIgniter->createController()
 3 SYSTEMPATH\CodeIgniter.php(361): CodeIgniter\CodeIgniter->handleRequest(null, Object(Config\Cache), false)
 4 FCPATH\index.php(79): CodeIgniter\CodeIgniter->run()
INFO - 2024-02-24 03:13:18 --> Session: Class initialized using 'CodeIgniter\Session\Handlers\FileHandler' driver.
WARNING - 2024-02-24 03:13:18 --> [DEPRECATED] Creation of dynamic property App\Controllers\Laporan::$ModelProduk is deprecated in APPPATH\Controllers\Laporan.php on line 14.
 1 SYSTEMPATH\CodeIgniter.php(913): App\Controllers\Laporan->__construct()
 2 SYSTEMPATH\CodeIgniter.php(493): CodeIgniter\CodeIgniter->createController()
 3 SYSTEMPATH\CodeIgniter.php(361): CodeIgniter\CodeIgniter->handleRequest(null, Object(Config\Cache), false)
 4 FCPATH\index.php(79): CodeIgniter\CodeIgniter->run()
WARNING - 2024-02-24 03:13:18 --> [DEPRECATED] Creation of dynamic property App\Controllers\Laporan::$ModelLaporan is deprecated in APPPATH\Controllers\Laporan.php on line 15.
 1 SYSTEMPATH\CodeIgniter.php(913): App\Controllers\Laporan->__construct()
 2 SYSTEMPATH\CodeIgniter.php(493): CodeIgniter\CodeIgniter->createController()
 3 SYSTEMPATH\CodeIgniter.php(361): CodeIgniter\CodeIgniter->handleRequest(null, Object(Config\Cache), false)
 4 FCPATH\index.php(79): CodeIgniter\CodeIgniter->run()
INFO - 2024-02-24 03:13:18 --> Session: Class initialized using 'CodeIgniter\Session\Handlers\FileHandler' driver.
WARNING - 2024-02-24 03:13:18 --> [DEPRECATED] Creation of dynamic property App\Controllers\Laporan::$ModelProduk is deprecated in APPPATH\Controllers\Laporan.php on line 14.
 1 SYSTEMPATH\CodeIgniter.php(913): App\Controllers\Laporan->__construct()
 2 SYSTEMPATH\CodeIgniter.php(493): CodeIgniter\CodeIgniter->createController()
 3 SYSTEMPATH\CodeIgniter.php(361): CodeIgniter\CodeIgniter->handleRequest(null, Object(Config\Cache), false)
 4 FCPATH\index.php(79): CodeIgniter\CodeIgniter->run()
WARNING - 2024-02-24 03:13:18 --> [DEPRECATED] Creation of dynamic property App\Controllers\Laporan::$ModelLaporan is deprecated in APPPATH\Controllers\Laporan.php on line 15.
 1 SYSTEMPATH\CodeIgniter.php(913): App\Controllers\Laporan->__construct()
 2 SYSTEMPATH\CodeIgniter.php(493): CodeIgniter\CodeIgniter->createController()
 3 SYSTEMPATH\CodeIgniter.php(361): CodeIgniter\CodeIgniter->handleRequest(null, Object(Config\Cache), false)
 4 FCPATH\index.php(79): CodeIgniter\CodeIgniter->run()
INFO - 2024-02-24 03:13:18 --> Session: Class initialized using 'CodeIgniter\Session\Handlers\FileHandler' driver.
WARNING - 2024-02-24 03:13:18 --> [DEPRECATED] Creation of dynamic property App\Controllers\Laporan::$ModelProduk is deprecated in APPPATH\Controllers\Laporan.php on line 14.
 1 SYSTEMPATH\CodeIgniter.php(913): App\Controllers\Laporan->__construct()
 2 SYSTEMPATH\CodeIgniter.php(493): CodeIgniter\CodeIgniter->createController()
 3 SYSTEMPATH\CodeIgniter.php(361): CodeIgniter\CodeIgniter->handleRequest(null, Object(Config\Cache), false)
 4 FCPATH\index.php(79): CodeIgniter\CodeIgniter->run()
WARNING - 2024-02-24 03:13:18 --> [DEPRECATED] Creation of dynamic property App\Controllers\Laporan::$ModelLaporan is deprecated in APPPATH\Controllers\Laporan.php on line 15.
 1 SYSTEMPATH\CodeIgniter.php(913): App\Controllers\Laporan->__construct()
 2 SYSTEMPATH\CodeIgniter.php(493): CodeIgniter\CodeIgniter->createController()
 3 SYSTEMPATH\CodeIgniter.php(361): CodeIgniter\CodeIgniter->handleRequest(null, Object(Config\Cache), false)
 4 FCPATH\index.php(79): CodeIgniter\CodeIgniter->run()
INFO - 2024-02-24 03:13:18 --> Session: Class initialized using 'CodeIgniter\Session\Handlers\FileHandler' driver.
WARNING - 2024-02-24 03:13:18 --> [DEPRECATED] Creation of dynamic property App\Controllers\Laporan::$ModelProduk is deprecated in APPPATH\Controllers\Laporan.php on line 14.
 1 SYSTEMPATH\CodeIgniter.php(913): App\Controllers\Laporan->__construct()
 2 SYSTEMPATH\CodeIgniter.php(493): CodeIgniter\CodeIgniter->createController()
 3 SYSTEMPATH\CodeIgniter.php(361): CodeIgniter\CodeIgniter->handleRequest(null, Object(Config\Cache), false)
 4 FCPATH\index.php(79): CodeIgniter\CodeIgniter->run()
WARNING - 2024-02-24 03:13:18 --> [DEPRECATED] Creation of dynamic property App\Controllers\Laporan::$ModelLaporan is deprecated in APPPATH\Controllers\Laporan.php on line 15.
 1 SYSTEMPATH\CodeIgniter.php(913): App\Controllers\Laporan->__construct()
 2 SYSTEMPATH\CodeIgniter.php(493): CodeIgniter\CodeIgniter->createController()
 3 SYSTEMPATH\CodeIgniter.php(361): CodeIgniter\CodeIgniter->handleRequest(null, Object(Config\Cache), false)
 4 FCPATH\index.php(79): CodeIgniter\CodeIgniter->run()
INFO - 2024-02-24 03:13:20 --> Session: Class initialized using 'CodeIgniter\Session\Handlers\FileHandler' driver.
WARNING - 2024-02-24 03:13:20 --> [DEPRECATED] Creation of dynamic property App\Controllers\Laporan::$ModelProduk is deprecated in APPPATH\Controllers\Laporan.php on line 14.
 1 SYSTEMPATH\CodeIgniter.php(913): App\Controllers\Laporan->__construct()
 2 SYSTEMPATH\CodeIgniter.php(493): CodeIgniter\CodeIgniter->createController()
 3 SYSTEMPATH\CodeIgniter.php(361): CodeIgniter\CodeIgniter->handleRequest(null, Object(Config\Cache), false)
 4 FCPATH\index.php(79): CodeIgniter\CodeIgniter->run()
WARNING - 2024-02-24 03:13:20 --> [DEPRECATED] Creation of dynamic property App\Controllers\Laporan::$ModelLaporan is deprecated in APPPATH\Controllers\Laporan.php on line 15.
 1 SYSTEMPATH\CodeIgniter.php(913): App\Controllers\Laporan->__construct()
 2 SYSTEMPATH\CodeIgniter.php(493): CodeIgniter\CodeIgniter->createController()
 3 SYSTEMPATH\CodeIgniter.php(361): CodeIgniter\CodeIgniter->handleRequest(null, Object(Config\Cache), false)
 4 FCPATH\index.php(79): CodeIgniter\CodeIgniter->run()
INFO - 2024-02-24 03:13:20 --> Session: Class initialized using 'CodeIgniter\Session\Handlers\FileHandler' driver.
WARNING - 2024-02-24 03:13:20 --> [DEPRECATED] Creation of dynamic property App\Controllers\Laporan::$ModelProduk is deprecated in APPPATH\Controllers\Laporan.php on line 14.
 1 SYSTEMPATH\CodeIgniter.php(913): App\Controllers\Laporan->__construct()
 2 SYSTEMPATH\CodeIgniter.php(493): CodeIgniter\CodeIgniter->createController()
 3 SYSTEMPATH\CodeIgniter.php(361): CodeIgniter\CodeIgniter->handleRequest(null, Object(Config\Cache), false)
 4 FCPATH\index.php(79): CodeIgniter\CodeIgniter->run()
WARNING - 2024-02-24 03:13:20 --> [DEPRECATED] Creation of dynamic property App\Controllers\Laporan::$ModelLaporan is deprecated in APPPATH\Controllers\Laporan.php on line 15.
 1 SYSTEMPATH\CodeIgniter.php(913): App\Controllers\Laporan->__construct()
 2 SYSTEMPATH\CodeIgniter.php(493): CodeIgniter\CodeIgniter->createController()
 3 SYSTEMPATH\CodeIgniter.php(361): CodeIgniter\CodeIgniter->handleRequest(null, Object(Config\Cache), false)
 4 FCPATH\index.php(79): CodeIgniter\CodeIgniter->run()
INFO - 2024-02-24 03:13:21 --> Session: Class initialized using 'CodeIgniter\Session\Handlers\FileHandler' driver.
WARNING - 2024-02-24 03:13:21 --> [DEPRECATED] Creation of dynamic property App\Controllers\Laporan::$ModelProduk is deprecated in APPPATH\Controllers\Laporan.php on line 14.
 1 SYSTEMPATH\CodeIgniter.php(913): App\Controllers\Laporan->__construct()
 2 SYSTEMPATH\CodeIgniter.php(493): CodeIgniter\CodeIgniter->createController()
 3 SYSTEMPATH\CodeIgniter.php(361): CodeIgniter\CodeIgniter->handleRequest(null, Object(Config\Cache), false)
 4 FCPATH\index.php(79): CodeIgniter\CodeIgniter->run()
WARNING - 2024-02-24 03:13:21 --> [DEPRECATED] Creation of dynamic property App\Controllers\Laporan::$ModelLaporan is deprecated in APPPATH\Controllers\Laporan.php on line 15.
 1 SYSTEMPATH\CodeIgniter.php(913): App\Controllers\Laporan->__construct()
 2 SYSTEMPATH\CodeIgniter.php(493): CodeIgniter\CodeIgniter->createController()
 3 SYSTEMPATH\CodeIgniter.php(361): CodeIgniter\CodeIgniter->handleRequest(null, Object(Config\Cache), false)
 4 FCPATH\index.php(79): CodeIgniter\CodeIgniter->run()
INFO - 2024-02-24 03:13:21 --> Session: Class initialized using 'CodeIgniter\Session\Handlers\FileHandler' driver.
WARNING - 2024-02-24 03:13:21 --> [DEPRECATED] Creation of dynamic property App\Controllers\Laporan::$ModelProduk is deprecated in APPPATH\Controllers\Laporan.php on line 14.
 1 SYSTEMPATH\CodeIgniter.php(913): App\Controllers\Laporan->__construct()
 2 SYSTEMPATH\CodeIgniter.php(493): CodeIgniter\CodeIgniter->createController()
 3 SYSTEMPATH\CodeIgniter.php(361): CodeIgniter\CodeIgniter->handleRequest(null, Object(Config\Cache), false)
 4 FCPATH\index.php(79): CodeIgniter\CodeIgniter->run()
WARNING - 2024-02-24 03:13:21 --> [DEPRECATED] Creation of dynamic property App\Controllers\Laporan::$ModelLaporan is deprecated in APPPATH\Controllers\Laporan.php on line 15.
 1 SYSTEMPATH\CodeIgniter.php(913): App\Controllers\Laporan->__construct()
 2 SYSTEMPATH\CodeIgniter.php(493): CodeIgniter\CodeIgniter->createController()
 3 SYSTEMPATH\CodeIgniter.php(361): CodeIgniter\CodeIgniter->handleRequest(null, Object(Config\Cache), false)
 4 FCPATH\index.php(79): CodeIgniter\CodeIgniter->run()
INFO - 2024-02-24 03:13:21 --> Session: Class initialized using 'CodeIgniter\Session\Handlers\FileHandler' driver.
WARNING - 2024-02-24 03:13:21 --> [DEPRECATED] Creation of dynamic property App\Controllers\Laporan::$ModelProduk is deprecated in APPPATH\Controllers\Laporan.php on line 14.
 1 SYSTEMPATH\CodeIgniter.php(913): App\Controllers\Laporan->__construct()
 2 SYSTEMPATH\CodeIgniter.php(493): CodeIgniter\CodeIgniter->createController()
 3 SYSTEMPATH\CodeIgniter.php(361): CodeIgniter\CodeIgniter->handleRequest(null, Object(Config\Cache), false)
 4 FCPATH\index.php(79): CodeIgniter\CodeIgniter->run()
WARNING - 2024-02-24 03:13:21 --> [DEPRECATED] Creation of dynamic property App\Controllers\Laporan::$ModelLaporan is deprecated in APPPATH\Controllers\Laporan.php on line 15.
 1 SYSTEMPATH\CodeIgniter.php(913): App\Controllers\Laporan->__construct()
 2 SYSTEMPATH\CodeIgniter.php(493): CodeIgniter\CodeIgniter->createController()
 3 SYSTEMPATH\CodeIgniter.php(361): CodeIgniter\CodeIgniter->handleRequest(null, Object(Config\Cache), false)
 4 FCPATH\index.php(79): CodeIgniter\CodeIgniter->run()
INFO - 2024-02-24 03:13:21 --> Session: Class initialized using 'CodeIgniter\Session\Handlers\FileHandler' driver.
WARNING - 2024-02-24 03:13:21 --> [DEPRECATED] Creation of dynamic property App\Controllers\Laporan::$ModelProduk is deprecated in APPPATH\Controllers\Laporan.php on line 14.
 1 SYSTEMPATH\CodeIgniter.php(913): App\Controllers\Laporan->__construct()
 2 SYSTEMPATH\CodeIgniter.php(493): CodeIgniter\CodeIgniter->createController()
 3 SYSTEMPATH\CodeIgniter.php(361): CodeIgniter\CodeIgniter->handleRequest(null, Object(Config\Cache), false)
 4 FCPATH\index.php(79): CodeIgniter\CodeIgniter->run()
WARNING - 2024-02-24 03:13:21 --> [DEPRECATED] Creation of dynamic property App\Controllers\Laporan::$ModelLaporan is deprecated in APPPATH\Controllers\Laporan.php on line 15.
 1 SYSTEMPATH\CodeIgniter.php(913): App\Controllers\Laporan->__construct()
 2 SYSTEMPATH\CodeIgniter.php(493): CodeIgniter\CodeIgniter->createController()
 3 SYSTEMPATH\CodeIgniter.php(361): CodeIgniter\CodeIgniter->handleRequest(null, Object(Config\Cache), false)
 4 FCPATH\index.php(79): CodeIgniter\CodeIgniter->run()
INFO - 2024-02-24 03:25:01 --> Session: Class initialized using 'CodeIgniter\Session\Handlers\FileHandler' driver.
WARNING - 2024-02-24 03:25:01 --> [DEPRECATED] Creation of dynamic property App\Controllers\Laporan::$ModelProduk is deprecated in APPPATH\Controllers\Laporan.php on line 14.
 1 SYSTEMPATH\CodeIgniter.php(913): App\Controllers\Laporan->__construct()
 2 SYSTEMPATH\CodeIgniter.php(493): CodeIgniter\CodeIgniter->createController()
 3 SYSTEMPATH\CodeIgniter.php(361): CodeIgniter\CodeIgniter->handleRequest(null, Object(Config\Cache), false)
 4 FCPATH\index.php(79): CodeIgniter\CodeIgniter->run()
WARNING - 2024-02-24 03:25:01 --> [DEPRECATED] Creation of dynamic property App\Controllers\Laporan::$ModelLaporan is deprecated in APPPATH\Controllers\Laporan.php on line 15.
 1 SYSTEMPATH\CodeIgniter.php(913): App\Controllers\Laporan->__construct()
 2 SYSTEMPATH\CodeIgniter.php(493): CodeIgniter\CodeIgniter->createController()
 3 SYSTEMPATH\CodeIgniter.php(361): CodeIgniter\CodeIgniter->handleRequest(null, Object(Config\Cache), false)
 4 FCPATH\index.php(79): CodeIgniter\CodeIgniter->run()
INFO - 2024-02-24 03:25:15 --> Session: Class initialized using 'CodeIgniter\Session\Handlers\FileHandler' driver.
WARNING - 2024-02-24 03:25:15 --> [DEPRECATED] Creation of dynamic property App\Controllers\Laporan::$ModelProduk is deprecated in APPPATH\Controllers\Laporan.php on line 14.
 1 SYSTEMPATH\CodeIgniter.php(913): App\Controllers\Laporan->__construct()
 2 SYSTEMPATH\CodeIgniter.php(493): CodeIgniter\CodeIgniter->createController()
 3 SYSTEMPATH\CodeIgniter.php(361): CodeIgniter\CodeIgniter->handleRequest(null, Object(Config\Cache), false)
 4 FCPATH\index.php(79): CodeIgniter\CodeIgniter->run()
WARNING - 2024-02-24 03:25:15 --> [DEPRECATED] Creation of dynamic property App\Controllers\Laporan::$ModelLaporan is deprecated in APPPATH\Controllers\Laporan.php on line 15.
 1 SYSTEMPATH\CodeIgniter.php(913): App\Controllers\Laporan->__construct()
 2 SYSTEMPATH\CodeIgniter.php(493): CodeIgniter\CodeIgniter->createController()
 3 SYSTEMPATH\CodeIgniter.php(361): CodeIgniter\CodeIgniter->handleRequest(null, Object(Config\Cache), false)
 4 FCPATH\index.php(79): CodeIgniter\CodeIgniter->run()
INFO - 2024-02-24 03:25:31 --> Session: Class initialized using 'CodeIgniter\Session\Handlers\FileHandler' driver.
WARNING - 2024-02-24 03:25:31 --> [DEPRECATED] Creation of dynamic property App\Controllers\Laporan::$ModelProduk is deprecated in APPPATH\Controllers\Laporan.php on line 14.
 1 SYSTEMPATH\CodeIgniter.php(913): App\Controllers\Laporan->__construct()
 2 SYSTEMPATH\CodeIgniter.php(493): CodeIgniter\CodeIgniter->createController()
 3 SYSTEMPATH\CodeIgniter.php(361): CodeIgniter\CodeIgniter->handleRequest(null, Object(Config\Cache), false)
 4 FCPATH\index.php(79): CodeIgniter\CodeIgniter->run()
WARNING - 2024-02-24 03:25:31 --> [DEPRECATED] Creation of dynamic property App\Controllers\Laporan::$ModelLaporan is deprecated in APPPATH\Controllers\Laporan.php on line 15.
 1 SYSTEMPATH\CodeIgniter.php(913): App\Controllers\Laporan->__construct()
 2 SYSTEMPATH\CodeIgniter.php(493): CodeIgniter\CodeIgniter->createController()
 3 SYSTEMPATH\CodeIgniter.php(361): CodeIgniter\CodeIgniter->handleRequest(null, Object(Config\Cache), false)
 4 FCPATH\index.php(79): CodeIgniter\CodeIgniter->run()
INFO - 2024-02-24 03:25:54 --> Session: Class initialized using 'CodeIgniter\Session\Handlers\FileHandler' driver.
WARNING - 2024-02-24 03:25:54 --> [DEPRECATED] Creation of dynamic property App\Controllers\Laporan::$ModelProduk is deprecated in APPPATH\Controllers\Laporan.php on line 14.
 1 SYSTEMPATH\CodeIgniter.php(913): App\Controllers\Laporan->__construct()
 2 SYSTEMPATH\CodeIgniter.php(493): CodeIgniter\CodeIgniter->createController()
 3 SYSTEMPATH\CodeIgniter.php(361): CodeIgniter\CodeIgniter->handleRequest(null, Object(Config\Cache), false)
 4 FCPATH\index.php(79): CodeIgniter\CodeIgniter->run()
WARNING - 2024-02-24 03:25:54 --> [DEPRECATED] Creation of dynamic property App\Controllers\Laporan::$ModelLaporan is deprecated in APPPATH\Controllers\Laporan.php on line 15.
 1 SYSTEMPATH\CodeIgniter.php(913): App\Controllers\Laporan->__construct()
 2 SYSTEMPATH\CodeIgniter.php(493): CodeIgniter\CodeIgniter->createController()
 3 SYSTEMPATH\CodeIgniter.php(361): CodeIgniter\CodeIgniter->handleRequest(null, Object(Config\Cache), false)
 4 FCPATH\index.php(79): CodeIgniter\CodeIgniter->run()
INFO - 2024-02-24 03:26:07 --> Session: Class initialized using 'CodeIgniter\Session\Handlers\FileHandler' driver.
WARNING - 2024-02-24 03:26:07 --> [DEPRECATED] Creation of dynamic property App\Controllers\Laporan::$ModelProduk is deprecated in APPPATH\Controllers\Laporan.php on line 14.
 1 SYSTEMPATH\CodeIgniter.php(913): App\Controllers\Laporan->__construct()
 2 SYSTEMPATH\CodeIgniter.php(493): CodeIgniter\CodeIgniter->createController()
 3 SYSTEMPATH\CodeIgniter.php(361): CodeIgniter\CodeIgniter->handleRequest(null, Object(Config\Cache), false)
 4 FCPATH\index.php(79): CodeIgniter\CodeIgniter->run()
WARNING - 2024-02-24 03:26:07 --> [DEPRECATED] Creation of dynamic property App\Controllers\Laporan::$ModelLaporan is deprecated in APPPATH\Controllers\Laporan.php on line 15.
 1 SYSTEMPATH\CodeIgniter.php(913): App\Controllers\Laporan->__construct()
 2 SYSTEMPATH\CodeIgniter.php(493): CodeIgniter\CodeIgniter->createController()
 3 SYSTEMPATH\CodeIgniter.php(361): CodeIgniter\CodeIgniter->handleRequest(null, Object(Config\Cache), false)
 4 FCPATH\index.php(79): CodeIgniter\CodeIgniter->run()
INFO - 2024-02-24 03:26:18 --> Session: Class initialized using 'CodeIgniter\Session\Handlers\FileHandler' driver.
WARNING - 2024-02-24 03:26:18 --> [DEPRECATED] Creation of dynamic property App\Controllers\Laporan::$ModelProduk is deprecated in APPPATH\Controllers\Laporan.php on line 14.
 1 SYSTEMPATH\CodeIgniter.php(913): App\Controllers\Laporan->__construct()
 2 SYSTEMPATH\CodeIgniter.php(493): CodeIgniter\CodeIgniter->createController()
 3 SYSTEMPATH\CodeIgniter.php(361): CodeIgniter\CodeIgniter->handleRequest(null, Object(Config\Cache), false)
 4 FCPATH\index.php(79): CodeIgniter\CodeIgniter->run()
WARNING - 2024-02-24 03:26:18 --> [DEPRECATED] Creation of dynamic property App\Controllers\Laporan::$ModelLaporan is deprecated in APPPATH\Controllers\Laporan.php on line 15.
 1 SYSTEMPATH\CodeIgniter.php(913): App\Controllers\Laporan->__construct()
 2 SYSTEMPATH\CodeIgniter.php(493): CodeIgniter\CodeIgniter->createController()
 3 SYSTEMPATH\CodeIgniter.php(361): CodeIgniter\CodeIgniter->handleRequest(null, Object(Config\Cache), false)
 4 FCPATH\index.php(79): CodeIgniter\CodeIgniter->run()
INFO - 2024-02-24 03:26:43 --> Session: Class initialized using 'CodeIgniter\Session\Handlers\FileHandler' driver.
WARNING - 2024-02-24 03:26:43 --> [DEPRECATED] Creation of dynamic property App\Controllers\Laporan::$ModelProduk is deprecated in APPPATH\Controllers\Laporan.php on line 14.
 1 SYSTEMPATH\CodeIgniter.php(913): App\Controllers\Laporan->__construct()
 2 SYSTEMPATH\CodeIgniter.php(493): CodeIgniter\CodeIgniter->createController()
 3 SYSTEMPATH\CodeIgniter.php(361): CodeIgniter\CodeIgniter->handleRequest(null, Object(Config\Cache), false)
 4 FCPATH\index.php(79): CodeIgniter\CodeIgniter->run()
WARNING - 2024-02-24 03:26:43 --> [DEPRECATED] Creation of dynamic property App\Controllers\Laporan::$ModelLaporan is deprecated in APPPATH\Controllers\Laporan.php on line 15.
 1 SYSTEMPATH\CodeIgniter.php(913): App\Controllers\Laporan->__construct()
 2 SYSTEMPATH\CodeIgniter.php(493): CodeIgniter\CodeIgniter->createController()
 3 SYSTEMPATH\CodeIgniter.php(361): CodeIgniter\CodeIgniter->handleRequest(null, Object(Config\Cache), false)
 4 FCPATH\index.php(79): CodeIgniter\CodeIgniter->run()
INFO - 2024-02-24 03:27:00 --> Session: Class initialized using 'CodeIgniter\Session\Handlers\FileHandler' driver.
WARNING - 2024-02-24 03:27:00 --> [DEPRECATED] Creation of dynamic property App\Controllers\Laporan::$ModelProduk is deprecated in APPPATH\Controllers\Laporan.php on line 14.
 1 SYSTEMPATH\CodeIgniter.php(913): App\Controllers\Laporan->__construct()
 2 SYSTEMPATH\CodeIgniter.php(493): CodeIgniter\CodeIgniter->createController()
 3 SYSTEMPATH\CodeIgniter.php(361): CodeIgniter\CodeIgniter->handleRequest(null, Object(Config\Cache), false)
 4 FCPATH\index.php(79): CodeIgniter\CodeIgniter->run()
WARNING - 2024-02-24 03:27:00 --> [DEPRECATED] Creation of dynamic property App\Controllers\Laporan::$ModelLaporan is deprecated in APPPATH\Controllers\Laporan.php on line 15.
 1 SYSTEMPATH\CodeIgniter.php(913): App\Controllers\Laporan->__construct()
 2 SYSTEMPATH\CodeIgniter.php(493): CodeIgniter\CodeIgniter->createController()
 3 SYSTEMPATH\CodeIgniter.php(361): CodeIgniter\CodeIgniter->handleRequest(null, Object(Config\Cache), false)
 4 FCPATH\index.php(79): CodeIgniter\CodeIgniter->run()
INFO - 2024-02-24 03:27:16 --> Session: Class initialized using 'CodeIgniter\Session\Handlers\FileHandler' driver.
WARNING - 2024-02-24 03:27:16 --> [DEPRECATED] Creation of dynamic property App\Controllers\Laporan::$ModelProduk is deprecated in APPPATH\Controllers\Laporan.php on line 14.
 1 SYSTEMPATH\CodeIgniter.php(913): App\Controllers\Laporan->__construct()
 2 SYSTEMPATH\CodeIgniter.php(493): CodeIgniter\CodeIgniter->createController()
 3 SYSTEMPATH\CodeIgniter.php(361): CodeIgniter\CodeIgniter->handleRequest(null, Object(Config\Cache), false)
 4 FCPATH\index.php(79): CodeIgniter\CodeIgniter->run()
WARNING - 2024-02-24 03:27:16 --> [DEPRECATED] Creation of dynamic property App\Controllers\Laporan::$ModelLaporan is deprecated in APPPATH\Controllers\Laporan.php on line 15.
 1 SYSTEMPATH\CodeIgniter.php(913): App\Controllers\Laporan->__construct()
 2 SYSTEMPATH\CodeIgniter.php(493): CodeIgniter\CodeIgniter->createController()
 3 SYSTEMPATH\CodeIgniter.php(361): CodeIgniter\CodeIgniter->handleRequest(null, Object(Config\Cache), false)
 4 FCPATH\index.php(79): CodeIgniter\CodeIgniter->run()
INFO - 2024-02-24 03:27:36 --> Session: Class initialized using 'CodeIgniter\Session\Handlers\FileHandler' driver.
WARNING - 2024-02-24 03:27:36 --> [DEPRECATED] Creation of dynamic property App\Controllers\Laporan::$ModelProduk is deprecated in APPPATH\Controllers\Laporan.php on line 14.
 1 SYSTEMPATH\CodeIgniter.php(913): App\Controllers\Laporan->__construct()
 2 SYSTEMPATH\CodeIgniter.php(493): CodeIgniter\CodeIgniter->createController()
 3 SYSTEMPATH\CodeIgniter.php(361): CodeIgniter\CodeIgniter->handleRequest(null, Object(Config\Cache), false)
 4 FCPATH\index.php(79): CodeIgniter\CodeIgniter->run()
WARNING - 2024-02-24 03:27:36 --> [DEPRECATED] Creation of dynamic property App\Controllers\Laporan::$ModelLaporan is deprecated in APPPATH\Controllers\Laporan.php on line 15.
 1 SYSTEMPATH\CodeIgniter.php(913): App\Controllers\Laporan->__construct()
 2 SYSTEMPATH\CodeIgniter.php(493): CodeIgniter\CodeIgniter->createController()
 3 SYSTEMPATH\CodeIgniter.php(361): CodeIgniter\CodeIgniter->handleRequest(null, Object(Config\Cache), false)
 4 FCPATH\index.php(79): CodeIgniter\CodeIgniter->run()
INFO - 2024-02-24 03:27:47 --> Session: Class initialized using 'CodeIgniter\Session\Handlers\FileHandler' driver.
WARNING - 2024-02-24 03:27:47 --> [DEPRECATED] Creation of dynamic property App\Controllers\Laporan::$ModelProduk is deprecated in APPPATH\Controllers\Laporan.php on line 14.
 1 SYSTEMPATH\CodeIgniter.php(913): App\Controllers\Laporan->__construct()
 2 SYSTEMPATH\CodeIgniter.php(493): CodeIgniter\CodeIgniter->createController()
 3 SYSTEMPATH\CodeIgniter.php(361): CodeIgniter\CodeIgniter->handleRequest(null, Object(Config\Cache), false)
 4 FCPATH\index.php(79): CodeIgniter\CodeIgniter->run()
WARNING - 2024-02-24 03:27:47 --> [DEPRECATED] Creation of dynamic property App\Controllers\Laporan::$ModelLaporan is deprecated in APPPATH\Controllers\Laporan.php on line 15.
 1 SYSTEMPATH\CodeIgniter.php(913): App\Controllers\Laporan->__construct()
 2 SYSTEMPATH\CodeIgniter.php(493): CodeIgniter\CodeIgniter->createController()
 3 SYSTEMPATH\CodeIgniter.php(361): CodeIgniter\CodeIgniter->handleRequest(null, Object(Config\Cache), false)
 4 FCPATH\index.php(79): CodeIgniter\CodeIgniter->run()
INFO - 2024-02-24 03:31:15 --> Session: Class initialized using 'CodeIgniter\Session\Handlers\FileHandler' driver.
WARNING - 2024-02-24 03:31:15 --> [DEPRECATED] Creation of dynamic property App\Controllers\Laporan::$ModelProduk is deprecated in APPPATH\Controllers\Laporan.php on line 14.
 1 SYSTEMPATH\CodeIgniter.php(913): App\Controllers\Laporan->__construct()
 2 SYSTEMPATH\CodeIgniter.php(493): CodeIgniter\CodeIgniter->createController()
 3 SYSTEMPATH\CodeIgniter.php(361): CodeIgniter\CodeIgniter->handleRequest(null, Object(Config\Cache), false)
 4 FCPATH\index.php(79): CodeIgniter\CodeIgniter->run()
WARNING - 2024-02-24 03:31:15 --> [DEPRECATED] Creation of dynamic property App\Controllers\Laporan::$ModelLaporan is deprecated in APPPATH\Controllers\Laporan.php on line 15.
 1 SYSTEMPATH\CodeIgniter.php(913): App\Controllers\Laporan->__construct()
 2 SYSTEMPATH\CodeIgniter.php(493): CodeIgniter\CodeIgniter->createController()
 3 SYSTEMPATH\CodeIgniter.php(361): CodeIgniter\CodeIgniter->handleRequest(null, Object(Config\Cache), false)
 4 FCPATH\index.php(79): CodeIgniter\CodeIgniter->run()
INFO - 2024-02-24 03:36:26 --> Session: Class initialized using 'CodeIgniter\Session\Handlers\FileHandler' driver.
WARNING - 2024-02-24 03:36:26 --> [DEPRECATED] Creation of dynamic property App\Controllers\Laporan::$ModelProduk is deprecated in APPPATH\Controllers\Laporan.php on line 14.
 1 SYSTEMPATH\CodeIgniter.php(913): App\Controllers\Laporan->__construct()
 2 SYSTEMPATH\CodeIgniter.php(493): CodeIgniter\CodeIgniter->createController()
 3 SYSTEMPATH\CodeIgniter.php(361): CodeIgniter\CodeIgniter->handleRequest(null, Object(Config\Cache), false)
 4 FCPATH\index.php(79): CodeIgniter\CodeIgniter->run()
WARNING - 2024-02-24 03:36:26 --> [DEPRECATED] Creation of dynamic property App\Controllers\Laporan::$ModelLaporan is deprecated in APPPATH\Controllers\Laporan.php on line 15.
 1 SYSTEMPATH\CodeIgniter.php(913): App\Controllers\Laporan->__construct()
 2 SYSTEMPATH\CodeIgniter.php(493): CodeIgniter\CodeIgniter->createController()
 3 SYSTEMPATH\CodeIgniter.php(361): CodeIgniter\CodeIgniter->handleRequest(null, Object(Config\Cache), false)
 4 FCPATH\index.php(79): CodeIgniter\CodeIgniter->run()
INFO - 2024-02-24 03:36:47 --> Session: Class initialized using 'CodeIgniter\Session\Handlers\FileHandler' driver.
WARNING - 2024-02-24 03:36:47 --> [DEPRECATED] Creation of dynamic property App\Controllers\Laporan::$ModelProduk is deprecated in APPPATH\Controllers\Laporan.php on line 14.
 1 SYSTEMPATH\CodeIgniter.php(913): App\Controllers\Laporan->__construct()
 2 SYSTEMPATH\CodeIgniter.php(493): CodeIgniter\CodeIgniter->createController()
 3 SYSTEMPATH\CodeIgniter.php(361): CodeIgniter\CodeIgniter->handleRequest(null, Object(Config\Cache), false)
 4 FCPATH\index.php(79): CodeIgniter\CodeIgniter->run()
WARNING - 2024-02-24 03:36:47 --> [DEPRECATED] Creation of dynamic property App\Controllers\Laporan::$ModelLaporan is deprecated in APPPATH\Controllers\Laporan.php on line 15.
 1 SYSTEMPATH\CodeIgniter.php(913): App\Controllers\Laporan->__construct()
 2 SYSTEMPATH\CodeIgniter.php(493): CodeIgniter\CodeIgniter->createController()
 3 SYSTEMPATH\CodeIgniter.php(361): CodeIgniter\CodeIgniter->handleRequest(null, Object(Config\Cache), false)
 4 FCPATH\index.php(79): CodeIgniter\CodeIgniter->run()
INFO - 2024-02-24 03:36:49 --> Session: Class initialized using 'CodeIgniter\Session\Handlers\FileHandler' driver.
WARNING - 2024-02-24 03:36:49 --> [DEPRECATED] Creation of dynamic property App\Controllers\Laporan::$ModelProduk is deprecated in APPPATH\Controllers\Laporan.php on line 14.
 1 SYSTEMPATH\CodeIgniter.php(913): App\Controllers\Laporan->__construct()
 2 SYSTEMPATH\CodeIgniter.php(493): CodeIgniter\CodeIgniter->createController()
 3 SYSTEMPATH\CodeIgniter.php(361): CodeIgniter\CodeIgniter->handleRequest(null, Object(Config\Cache), false)
 4 FCPATH\index.php(79): CodeIgniter\CodeIgniter->run()
WARNING - 2024-02-24 03:36:49 --> [DEPRECATED] Creation of dynamic property App\Controllers\Laporan::$ModelLaporan is deprecated in APPPATH\Controllers\Laporan.php on line 15.
 1 SYSTEMPATH\CodeIgniter.php(913): App\Controllers\Laporan->__construct()
 2 SYSTEMPATH\CodeIgniter.php(493): CodeIgniter\CodeIgniter->createController()
 3 SYSTEMPATH\CodeIgniter.php(361): CodeIgniter\CodeIgniter->handleRequest(null, Object(Config\Cache), false)
 4 FCPATH\index.php(79): CodeIgniter\CodeIgniter->run()
INFO - 2024-02-24 03:36:49 --> Session: Class initialized using 'CodeIgniter\Session\Handlers\FileHandler' driver.
WARNING - 2024-02-24 03:36:49 --> [DEPRECATED] Creation of dynamic property App\Controllers\Laporan::$ModelProduk is deprecated in APPPATH\Controllers\Laporan.php on line 14.
 1 SYSTEMPATH\CodeIgniter.php(913): App\Controllers\Laporan->__construct()
 2 SYSTEMPATH\CodeIgniter.php(493): CodeIgniter\CodeIgniter->createController()
 3 SYSTEMPATH\CodeIgniter.php(361): CodeIgniter\CodeIgniter->handleRequest(null, Object(Config\Cache), false)
 4 FCPATH\index.php(79): CodeIgniter\CodeIgniter->run()
WARNING - 2024-02-24 03:36:49 --> [DEPRECATED] Creation of dynamic property App\Controllers\Laporan::$ModelLaporan is deprecated in APPPATH\Controllers\Laporan.php on line 15.
 1 SYSTEMPATH\CodeIgniter.php(913): App\Controllers\Laporan->__construct()
 2 SYSTEMPATH\CodeIgniter.php(493): CodeIgniter\CodeIgniter->createController()
 3 SYSTEMPATH\CodeIgniter.php(361): CodeIgniter\CodeIgniter->handleRequest(null, Object(Config\Cache), false)
 4 FCPATH\index.php(79): CodeIgniter\CodeIgniter->run()
INFO - 2024-02-24 03:36:49 --> Session: Class initialized using 'CodeIgniter\Session\Handlers\FileHandler' driver.
WARNING - 2024-02-24 03:36:49 --> [DEPRECATED] Creation of dynamic property App\Controllers\Laporan::$ModelProduk is deprecated in APPPATH\Controllers\Laporan.php on line 14.
 1 SYSTEMPATH\CodeIgniter.php(913): App\Controllers\Laporan->__construct()
 2 SYSTEMPATH\CodeIgniter.php(493): CodeIgniter\CodeIgniter->createController()
 3 SYSTEMPATH\CodeIgniter.php(361): CodeIgniter\CodeIgniter->handleRequest(null, Object(Config\Cache), false)
 4 FCPATH\index.php(79): CodeIgniter\CodeIgniter->run()
WARNING - 2024-02-24 03:36:49 --> [DEPRECATED] Creation of dynamic property App\Controllers\Laporan::$ModelLaporan is deprecated in APPPATH\Controllers\Laporan.php on line 15.
 1 SYSTEMPATH\CodeIgniter.php(913): App\Controllers\Laporan->__construct()
 2 SYSTEMPATH\CodeIgniter.php(493): CodeIgniter\CodeIgniter->createController()
 3 SYSTEMPATH\CodeIgniter.php(361): CodeIgniter\CodeIgniter->handleRequest(null, Object(Config\Cache), false)
 4 FCPATH\index.php(79): CodeIgniter\CodeIgniter->run()
INFO - 2024-02-24 03:36:50 --> Session: Class initialized using 'CodeIgniter\Session\Handlers\FileHandler' driver.
WARNING - 2024-02-24 03:36:50 --> [DEPRECATED] Creation of dynamic property App\Controllers\Laporan::$ModelProduk is deprecated in APPPATH\Controllers\Laporan.php on line 14.
 1 SYSTEMPATH\CodeIgniter.php(913): App\Controllers\Laporan->__construct()
 2 SYSTEMPATH\CodeIgniter.php(493): CodeIgniter\CodeIgniter->createController()
 3 SYSTEMPATH\CodeIgniter.php(361): CodeIgniter\CodeIgniter->handleRequest(null, Object(Config\Cache), false)
 4 FCPATH\index.php(79): CodeIgniter\CodeIgniter->run()
WARNING - 2024-02-24 03:36:50 --> [DEPRECATED] Creation of dynamic property App\Controllers\Laporan::$ModelLaporan is deprecated in APPPATH\Controllers\Laporan.php on line 15.
 1 SYSTEMPATH\CodeIgniter.php(913): App\Controllers\Laporan->__construct()
 2 SYSTEMPATH\CodeIgniter.php(493): CodeIgniter\CodeIgniter->createController()
 3 SYSTEMPATH\CodeIgniter.php(361): CodeIgniter\CodeIgniter->handleRequest(null, Object(Config\Cache), false)
 4 FCPATH\index.php(79): CodeIgniter\CodeIgniter->run()
INFO - 2024-02-24 03:36:50 --> Session: Class initialized using 'CodeIgniter\Session\Handlers\FileHandler' driver.
WARNING - 2024-02-24 03:36:50 --> [DEPRECATED] Creation of dynamic property App\Controllers\Laporan::$ModelProduk is deprecated in APPPATH\Controllers\Laporan.php on line 14.
 1 SYSTEMPATH\CodeIgniter.php(913): App\Controllers\Laporan->__construct()
 2 SYSTEMPATH\CodeIgniter.php(493): CodeIgniter\CodeIgniter->createController()
 3 SYSTEMPATH\CodeIgniter.php(361): CodeIgniter\CodeIgniter->handleRequest(null, Object(Config\Cache), false)
 4 FCPATH\index.php(79): CodeIgniter\CodeIgniter->run()
WARNING - 2024-02-24 03:36:50 --> [DEPRECATED] Creation of dynamic property App\Controllers\Laporan::$ModelLaporan is deprecated in APPPATH\Controllers\Laporan.php on line 15.
 1 SYSTEMPATH\CodeIgniter.php(913): App\Controllers\Laporan->__construct()
 2 SYSTEMPATH\CodeIgniter.php(493): CodeIgniter\CodeIgniter->createController()
 3 SYSTEMPATH\CodeIgniter.php(361): CodeIgniter\CodeIgniter->handleRequest(null, Object(Config\Cache), false)
 4 FCPATH\index.php(79): CodeIgniter\CodeIgniter->run()
INFO - 2024-02-24 03:36:50 --> Session: Class initialized using 'CodeIgniter\Session\Handlers\FileHandler' driver.
WARNING - 2024-02-24 03:36:50 --> [DEPRECATED] Creation of dynamic property App\Controllers\Laporan::$ModelProduk is deprecated in APPPATH\Controllers\Laporan.php on line 14.
 1 SYSTEMPATH\CodeIgniter.php(913): App\Controllers\Laporan->__construct()
 2 SYSTEMPATH\CodeIgniter.php(493): CodeIgniter\CodeIgniter->createController()
 3 SYSTEMPATH\CodeIgniter.php(361): CodeIgniter\CodeIgniter->handleRequest(null, Object(Config\Cache), false)
 4 FCPATH\index.php(79): CodeIgniter\CodeIgniter->run()
WARNING - 2024-02-24 03:36:50 --> [DEPRECATED] Creation of dynamic property App\Controllers\Laporan::$ModelLaporan is deprecated in APPPATH\Controllers\Laporan.php on line 15.
 1 SYSTEMPATH\CodeIgniter.php(913): App\Controllers\Laporan->__construct()
 2 SYSTEMPATH\CodeIgniter.php(493): CodeIgniter\CodeIgniter->createController()
 3 SYSTEMPATH\CodeIgniter.php(361): CodeIgniter\CodeIgniter->handleRequest(null, Object(Config\Cache), false)
 4 FCPATH\index.php(79): CodeIgniter\CodeIgniter->run()
INFO - 2024-02-24 03:36:51 --> Session: Class initialized using 'CodeIgniter\Session\Handlers\FileHandler' driver.
WARNING - 2024-02-24 03:36:51 --> [DEPRECATED] Creation of dynamic property App\Controllers\Laporan::$ModelProduk is deprecated in APPPATH\Controllers\Laporan.php on line 14.
 1 SYSTEMPATH\CodeIgniter.php(913): App\Controllers\Laporan->__construct()
 2 SYSTEMPATH\CodeIgniter.php(493): CodeIgniter\CodeIgniter->createController()
 3 SYSTEMPATH\CodeIgniter.php(361): CodeIgniter\CodeIgniter->handleRequest(null, Object(Config\Cache), false)
 4 FCPATH\index.php(79): CodeIgniter\CodeIgniter->run()
WARNING - 2024-02-24 03:36:51 --> [DEPRECATED] Creation of dynamic property App\Controllers\Laporan::$ModelLaporan is deprecated in APPPATH\Controllers\Laporan.php on line 15.
 1 SYSTEMPATH\CodeIgniter.php(913): App\Controllers\Laporan->__construct()
 2 SYSTEMPATH\CodeIgniter.php(493): CodeIgniter\CodeIgniter->createController()
 3 SYSTEMPATH\CodeIgniter.php(361): CodeIgniter\CodeIgniter->handleRequest(null, Object(Config\Cache), false)
 4 FCPATH\index.php(79): CodeIgniter\CodeIgniter->run()
INFO - 2024-02-24 03:36:51 --> Session: Class initialized using 'CodeIgniter\Session\Handlers\FileHandler' driver.
WARNING - 2024-02-24 03:36:51 --> [DEPRECATED] Creation of dynamic property App\Controllers\Laporan::$ModelProduk is deprecated in APPPATH\Controllers\Laporan.php on line 14.
 1 SYSTEMPATH\CodeIgniter.php(913): App\Controllers\Laporan->__construct()
 2 SYSTEMPATH\CodeIgniter.php(493): CodeIgniter\CodeIgniter->createController()
 3 SYSTEMPATH\CodeIgniter.php(361): CodeIgniter\CodeIgniter->handleRequest(null, Object(Config\Cache), false)
 4 FCPATH\index.php(79): CodeIgniter\CodeIgniter->run()
WARNING - 2024-02-24 03:36:51 --> [DEPRECATED] Creation of dynamic property App\Controllers\Laporan::$ModelLaporan is deprecated in APPPATH\Controllers\Laporan.php on line 15.
 1 SYSTEMPATH\CodeIgniter.php(913): App\Controllers\Laporan->__construct()
 2 SYSTEMPATH\CodeIgniter.php(493): CodeIgniter\CodeIgniter->createController()
 3 SYSTEMPATH\CodeIgniter.php(361): CodeIgniter\CodeIgniter->handleRequest(null, Object(Config\Cache), false)
 4 FCPATH\index.php(79): CodeIgniter\CodeIgniter->run()
INFO - 2024-02-24 03:36:52 --> Session: Class initialized using 'CodeIgniter\Session\Handlers\FileHandler' driver.
WARNING - 2024-02-24 03:36:52 --> [DEPRECATED] Creation of dynamic property App\Controllers\Laporan::$ModelProduk is deprecated in APPPATH\Controllers\Laporan.php on line 14.
 1 SYSTEMPATH\CodeIgniter.php(913): App\Controllers\Laporan->__construct()
 2 SYSTEMPATH\CodeIgniter.php(493): CodeIgniter\CodeIgniter->createController()
 3 SYSTEMPATH\CodeIgniter.php(361): CodeIgniter\CodeIgniter->handleRequest(null, Object(Config\Cache), false)
 4 FCPATH\index.php(79): CodeIgniter\CodeIgniter->run()
WARNING - 2024-02-24 03:36:52 --> [DEPRECATED] Creation of dynamic property App\Controllers\Laporan::$ModelLaporan is deprecated in APPPATH\Controllers\Laporan.php on line 15.
 1 SYSTEMPATH\CodeIgniter.php(913): App\Controllers\Laporan->__construct()
 2 SYSTEMPATH\CodeIgniter.php(493): CodeIgniter\CodeIgniter->createController()
 3 SYSTEMPATH\CodeIgniter.php(361): CodeIgniter\CodeIgniter->handleRequest(null, Object(Config\Cache), false)
 4 FCPATH\index.php(79): CodeIgniter\CodeIgniter->run()
INFO - 2024-02-24 03:36:52 --> Session: Class initialized using 'CodeIgniter\Session\Handlers\FileHandler' driver.
WARNING - 2024-02-24 03:36:52 --> [DEPRECATED] Creation of dynamic property App\Controllers\Laporan::$ModelProduk is deprecated in APPPATH\Controllers\Laporan.php on line 14.
 1 SYSTEMPATH\CodeIgniter.php(913): App\Controllers\Laporan->__construct()
 2 SYSTEMPATH\CodeIgniter.php(493): CodeIgniter\CodeIgniter->createController()
 3 SYSTEMPATH\CodeIgniter.php(361): CodeIgniter\CodeIgniter->handleRequest(null, Object(Config\Cache), false)
 4 FCPATH\index.php(79): CodeIgniter\CodeIgniter->run()
WARNING - 2024-02-24 03:36:52 --> [DEPRECATED] Creation of dynamic property App\Controllers\Laporan::$ModelLaporan is deprecated in APPPATH\Controllers\Laporan.php on line 15.
 1 SYSTEMPATH\CodeIgniter.php(913): App\Controllers\Laporan->__construct()
 2 SYSTEMPATH\CodeIgniter.php(493): CodeIgniter\CodeIgniter->createController()
 3 SYSTEMPATH\CodeIgniter.php(361): CodeIgniter\CodeIgniter->handleRequest(null, Object(Config\Cache), false)
 4 FCPATH\index.php(79): CodeIgniter\CodeIgniter->run()
INFO - 2024-02-24 03:36:52 --> Session: Class initialized using 'CodeIgniter\Session\Handlers\FileHandler' driver.
WARNING - 2024-02-24 03:36:52 --> [DEPRECATED] Creation of dynamic property App\Controllers\Laporan::$ModelProduk is deprecated in APPPATH\Controllers\Laporan.php on line 14.
 1 SYSTEMPATH\CodeIgniter.php(913): App\Controllers\Laporan->__construct()
 2 SYSTEMPATH\CodeIgniter.php(493): CodeIgniter\CodeIgniter->createController()
 3 SYSTEMPATH\CodeIgniter.php(361): CodeIgniter\CodeIgniter->handleRequest(null, Object(Config\Cache), false)
 4 FCPATH\index.php(79): CodeIgniter\CodeIgniter->run()
WARNING - 2024-02-24 03:36:52 --> [DEPRECATED] Creation of dynamic property App\Controllers\Laporan::$ModelLaporan is deprecated in APPPATH\Controllers\Laporan.php on line 15.
 1 SYSTEMPATH\CodeIgniter.php(913): App\Controllers\Laporan->__construct()
 2 SYSTEMPATH\CodeIgniter.php(493): CodeIgniter\CodeIgniter->createController()
 3 SYSTEMPATH\CodeIgniter.php(361): CodeIgniter\CodeIgniter->handleRequest(null, Object(Config\Cache), false)
 4 FCPATH\index.php(79): CodeIgniter\CodeIgniter->run()
INFO - 2024-02-24 03:36:52 --> Session: Class initialized using 'CodeIgniter\Session\Handlers\FileHandler' driver.
WARNING - 2024-02-24 03:36:52 --> [DEPRECATED] Creation of dynamic property App\Controllers\Laporan::$ModelProduk is deprecated in APPPATH\Controllers\Laporan.php on line 14.
 1 SYSTEMPATH\CodeIgniter.php(913): App\Controllers\Laporan->__construct()
 2 SYSTEMPATH\CodeIgniter.php(493): CodeIgniter\CodeIgniter->createController()
 3 SYSTEMPATH\CodeIgniter.php(361): CodeIgniter\CodeIgniter->handleRequest(null, Object(Config\Cache), false)
 4 FCPATH\index.php(79): CodeIgniter\CodeIgniter->run()
WARNING - 2024-02-24 03:36:52 --> [DEPRECATED] Creation of dynamic property App\Controllers\Laporan::$ModelLaporan is deprecated in APPPATH\Controllers\Laporan.php on line 15.
 1 SYSTEMPATH\CodeIgniter.php(913): App\Controllers\Laporan->__construct()
 2 SYSTEMPATH\CodeIgniter.php(493): CodeIgniter\CodeIgniter->createController()
 3 SYSTEMPATH\CodeIgniter.php(361): CodeIgniter\CodeIgniter->handleRequest(null, Object(Config\Cache), false)
 4 FCPATH\index.php(79): CodeIgniter\CodeIgniter->run()
INFO - 2024-02-24 03:36:53 --> Session: Class initialized using 'CodeIgniter\Session\Handlers\FileHandler' driver.
WARNING - 2024-02-24 03:36:53 --> [DEPRECATED] Creation of dynamic property App\Controllers\Laporan::$ModelProduk is deprecated in APPPATH\Controllers\Laporan.php on line 14.
 1 SYSTEMPATH\CodeIgniter.php(913): App\Controllers\Laporan->__construct()
 2 SYSTEMPATH\CodeIgniter.php(493): CodeIgniter\CodeIgniter->createController()
 3 SYSTEMPATH\CodeIgniter.php(361): CodeIgniter\CodeIgniter->handleRequest(null, Object(Config\Cache), false)
 4 FCPATH\index.php(79): CodeIgniter\CodeIgniter->run()
WARNING - 2024-02-24 03:36:53 --> [DEPRECATED] Creation of dynamic property App\Controllers\Laporan::$ModelLaporan is deprecated in APPPATH\Controllers\Laporan.php on line 15.
 1 SYSTEMPATH\CodeIgniter.php(913): App\Controllers\Laporan->__construct()
 2 SYSTEMPATH\CodeIgniter.php(493): CodeIgniter\CodeIgniter->createController()
 3 SYSTEMPATH\CodeIgniter.php(361): CodeIgniter\CodeIgniter->handleRequest(null, Object(Config\Cache), false)
 4 FCPATH\index.php(79): CodeIgniter\CodeIgniter->run()
INFO - 2024-02-24 03:36:54 --> Session: Class initialized using 'CodeIgniter\Session\Handlers\FileHandler' driver.
WARNING - 2024-02-24 03:36:54 --> [DEPRECATED] Creation of dynamic property App\Controllers\Laporan::$ModelProduk is deprecated in APPPATH\Controllers\Laporan.php on line 14.
 1 SYSTEMPATH\CodeIgniter.php(913): App\Controllers\Laporan->__construct()
 2 SYSTEMPATH\CodeIgniter.php(493): CodeIgniter\CodeIgniter->createController()
 3 SYSTEMPATH\CodeIgniter.php(361): CodeIgniter\CodeIgniter->handleRequest(null, Object(Config\Cache), false)
 4 FCPATH\index.php(79): CodeIgniter\CodeIgniter->run()
WARNING - 2024-02-24 03:36:54 --> [DEPRECATED] Creation of dynamic property App\Controllers\Laporan::$ModelLaporan is deprecated in APPPATH\Controllers\Laporan.php on line 15.
 1 SYSTEMPATH\CodeIgniter.php(913): App\Controllers\Laporan->__construct()
 2 SYSTEMPATH\CodeIgniter.php(493): CodeIgniter\CodeIgniter->createController()
 3 SYSTEMPATH\CodeIgniter.php(361): CodeIgniter\CodeIgniter->handleRequest(null, Object(Config\Cache), false)
 4 FCPATH\index.php(79): CodeIgniter\CodeIgniter->run()
